[ 2014-07-18T08:59:02+08:00 ] 127.0.0.1 /git/qujianshen/wwwroot/index.php?s=/Admin/Addons/index.html
SQL: SHOW COLUMNS FROM `onethink_menu` [ RunTime:0.005823s ]
SQL: SELECT * FROM `onethink_menu` WHERE ( `pid` = 0 ) AND ( `hide` = 0 ) ORDER BY sort asc  [ RunTime:0.000532s ]
SQL: SELECT `id` FROM `onethink_menu` WHERE ( url like '%Addons/index%' ) LIMIT 1   [ RunTime:0.000262s ]
SQL: SHOW COLUMNS FROM `onethink_menu` [ RunTime:0.006124s ]
SQL: SELECT `id`,`pid`,`title` FROM `onethink_menu` WHERE ( id=43 ) LIMIT 1   [ RunTime:0.000276s ]
SQL: SELECT DISTINCT  `group` FROM `onethink_menu` WHERE ( pid = 43 )  [ RunTime:0.000433s ]
SQL: SELECT `id`,`url` FROM `onethink_menu` WHERE ( `pid` = 43 ) AND ( `hide` = 0 )  [ RunTime:0.000263s ]
SQL: SELECT `id`,`pid`,`title`,`url`,`tip` FROM `onethink_menu` WHERE ( `group` = '扩展' ) AND ( `pid` = 43 ) AND ( `hide` = 0 ) ORDER BY sort asc  [ RunTime:0.000386s ]
SQL: SELECT `id`,`name`,`title`,`description`,`status`,`config`,`author`,`version`,`create_time`,`has_adminlist` FROM `onethink_addons` WHERE ( `name` IN ('Attachment','DevTeam','Editor','EditorForAdmin','QuickLogin','SiteStat','SocialComment','SystemInfo') )  [ RunTime:0.000376s ]
INFO: [ view_parse ] --START--
INFO: [ template_filter ] --START--
INFO: Run Behavior\ContentReplace [ RunTime:0.000221s ]
INFO: [ template_filter ] --END-- [ RunTime:0.000365s ]
SQL: SELECT `config` FROM `onethink_addons` WHERE ( `name` = 'Attachment' ) AND ( `status` = 1 ) LIMIT 1   [ RunTime:0.000380s ]
SQL: SELECT `config` FROM `onethink_addons` WHERE ( `name` = 'SocialComment' ) AND ( `status` = 1 ) LIMIT 1   [ RunTime:0.000367s ]
SQL: SELECT `config` FROM `onethink_addons` WHERE ( `name` = 'Editor' ) AND ( `status` = 1 ) LIMIT 1   [ RunTime:0.000388s ]
SQL: SELECT `config` FROM `onethink_addons` WHERE ( `name` = 'SystemInfo' ) AND ( `status` = 1 ) LIMIT 1   [ RunTime:0.000382s ]
SQL: SELECT `config` FROM `onethink_addons` WHERE ( `name` = 'SiteStat' ) AND ( `status` = 1 ) LIMIT 1   [ RunTime:0.000390s ]
SQL: SELECT `config` FROM `onethink_addons` WHERE ( `name` = 'DevTeam' ) AND ( `status` = 1 ) LIMIT 1   [ RunTime:0.000506s ]
SQL: SELECT `config` FROM `onethink_addons` WHERE ( `name` = 'EditorForAdmin' ) AND ( `status` = 1 ) LIMIT 1   [ RunTime:0.000403s ]
INFO: Run Behavior\ParseTemplate [ RunTime:0.128923s ]
INFO: [ view_parse ] --END-- [ RunTime:0.129067s ]
INFO: [ view_filter ] --START--
INFO: Run Behavior\WriteHtmlCache [ RunTime:0.005977s ]
INFO: [ view_filter ] --END-- [ RunTime:0.006128s ]
INFO: [ app_end ] --START--
INFO: Run Behavior\ShowPageTrace [ RunTime:0.009537s ]
INFO: [ app_end ] --END-- [ RunTime:0.009677s ]

[ 2014-07-18T08:59:08+08:00 ] 127.0.0.1 /git/qujianshen/wwwroot/index.php?s=/Admin/Addons/install/addon_name/QuickLogin.html
INFO: [ app_begin ] --START--
INFO: Run Behavior\ReadHtmlCache [ RunTime:0.001131s ]
INFO: [ app_begin ] --END-- [ RunTime:0.001870s ]
SQL: SHOW COLUMNS FROM `onethink_addons` [ RunTime:0.006059s ]
SQL: SELECT `title`,`name` FROM `onethink_addons` WHERE ( status=1 AND has_adminlist=1 )  [ RunTime:0.000370s ]
SQL: SHOW COLUMNS FROM `onethink_menu` [ RunTime:0.005827s ]
SQL: SELECT * FROM `onethink_menu` WHERE ( `pid` = 0 ) AND ( `hide` = 0 ) ORDER BY sort asc  [ RunTime:0.000558s ]
SQL: SELECT `id` FROM `onethink_menu` WHERE ( url like '%Addons/install%' ) LIMIT 1   [ RunTime:0.000293s ]
SQL: SHOW COLUMNS FROM `onethink_menu` [ RunTime:0.006062s ]
SQL: SELECT `id`,`pid`,`title` FROM `onethink_menu` WHERE ( id=52 ) LIMIT 1   [ RunTime:0.000323s ]
SQL: SELECT `id`,`pid`,`title` FROM `onethink_menu` WHERE ( id=44 ) LIMIT 1   [ RunTime:0.000242s ]
SQL: SELECT `id`,`pid`,`title` FROM `onethink_menu` WHERE ( id=43 ) LIMIT 1   [ RunTime:0.000230s ]
SQL: SELECT DISTINCT  `group` FROM `onethink_menu` WHERE ( pid = 43 )  [ RunTime:0.000453s ]
SQL: SELECT `id`,`url` FROM `onethink_menu` WHERE ( `pid` = 43 ) AND ( `hide` = 0 )  [ RunTime:0.000293s ]
SQL: SELECT `id`,`pid`,`title`,`url`,`tip` FROM `onethink_menu` WHERE ( `group` = '扩展' ) AND ( `pid` = 43 ) AND ( `hide` = 0 ) ORDER BY sort asc  [ RunTime:0.000330s ]
SQL: /*

Navicat MySQL Data Transfer



Source Server         : 127.0.0.1

Source Server Version : 50516

Source Host           : 127.0.0.1:3306

Source Database       : thinksns



Target Server Type    : MYSQL

Target Server Version : 50516

File Encoding         : 65001



Date: 2012-10-23 16:57:34

*/



SET FOREIGN_KEY_CHECKS=0 [ RunTime:0.000253s ]
SQL: -- ----------------------------

-- Table structure for `onethink_login`

-- ----------------------------

DROP TABLE IF EXISTS `onethink_login` [ RunTime:0.007720s ]
SQL: CREATE TABLE `onethink_login` (

  `login_id` int(11) NOT NULL AUTO_INCREMENT,

  `uid` int(11) NOT NULL COMMENT '用户UID',

  `type_uid` varchar(255) NOT NULL COMMENT '授权登陆用户名 第三方分配的appid',

  `type` char(80) NOT NULL COMMENT '登陆类型 qq|sina',

  `oauth_token` varchar(150) DEFAULT NULL COMMENT '授权账号',

  PRIMARY KEY (`login_id`),

  KEY `uid` (`uid`)

) ENGINE=MYISAM DEFAULT CHARSET=utf8 [ RunTime:0.041781s ]
SQL: -- ----------------------------

-- Records of ts_login

-- ---------------------------- [ RunTime:0.000256s ]
NOTIC: [8] Undefined variable: error D:\wamp\www\git\qujianshen\wwwroot\Addons\QuickLogin\QuickLoginAddon.class.php 第 106 行.
SQL: INSERT INTO `onethink_addons` (`name`,`title`,`description`,`status`,`author`,`version`,`create_time`,`has_adminlist`) VALUES ('QuickLogin','第三方登陆','目前登录平台为：腾讯QQ，新浪微博。其它请自行添加！',1,'xiaoyi','0.1',1405645148,0) [ RunTime:0.000581s ]
SQL: SHOW COLUMNS FROM `onethink_addons` [ RunTime:0.009118s ]
SQL: SELECT `config` FROM `onethink_addons` WHERE ( `name` = 'QuickLogin' ) AND ( `status` = 1 ) LIMIT 1   [ RunTime:0.000441s ]
SQL: UPDATE `onethink_addons` SET `config`='{\"login_plugin\":[\"sina\",\"qq\"],\"platformMeta\":\"<meta \\/>\",\"sina_wb_akey\":\"\",\"sina_wb_skey\":\"\",\"qq_qzone_akey\":\"\",\"qq_qzone_skey\":\"\"}' WHERE ( name='QuickLogin' ) [ RunTime:0.000605s ]
SQL: SHOW COLUMNS FROM `onethink_hooks` [ RunTime:0.008019s ]
SQL: SELECT `name` FROM `onethink_hooks`  [ RunTime:0.000409s ]
SQL: SELECT `addons` FROM `onethink_hooks` WHERE ( name='pageHeader' ) LIMIT 1   [ RunTime:0.000447s ]
SQL: UPDATE `onethink_hooks` SET `addons`='QuickLogin' WHERE ( name='pageHeader' ) [ RunTime:0.000534s ]

[ 2014-07-18T08:59:10+08:00 ] 127.0.0.1 /git/qujianshen/wwwroot/index.php?s=/Admin/Addons/index.html
SQL: SHOW COLUMNS FROM `onethink_menu` [ RunTime:0.005834s ]
SQL: SELECT * FROM `onethink_menu` WHERE ( `pid` = 0 ) AND ( `hide` = 0 ) ORDER BY sort asc  [ RunTime:0.000564s ]
SQL: SELECT `id` FROM `onethink_menu` WHERE ( url like '%Addons/index%' ) LIMIT 1   [ RunTime:0.000290s ]
SQL: SHOW COLUMNS FROM `onethink_menu` [ RunTime:0.006010s ]
SQL: SELECT `id`,`pid`,`title` FROM `onethink_menu` WHERE ( id=43 ) LIMIT 1   [ RunTime:0.000336s ]
SQL: SELECT DISTINCT  `group` FROM `onethink_menu` WHERE ( pid = 43 )  [ RunTime:0.000531s ]
SQL: SELECT `id`,`url` FROM `onethink_menu` WHERE ( `pid` = 43 ) AND ( `hide` = 0 )  [ RunTime:0.000280s ]
SQL: SELECT `id`,`pid`,`title`,`url`,`tip` FROM `onethink_menu` WHERE ( `group` = '扩展' ) AND ( `pid` = 43 ) AND ( `hide` = 0 ) ORDER BY sort asc  [ RunTime:0.000334s ]
SQL: SELECT `id`,`name`,`title`,`description`,`status`,`config`,`author`,`version`,`create_time`,`has_adminlist` FROM `onethink_addons` WHERE ( `name` IN ('Attachment','DevTeam','Editor','EditorForAdmin','QuickLogin','SiteStat','SocialComment','SystemInfo') )  [ RunTime:0.000397s ]
INFO: [ view_parse ] --START--
INFO: [ template_filter ] --START--
INFO: Run Behavior\ContentReplace [ RunTime:0.000188s ]
INFO: [ template_filter ] --END-- [ RunTime:0.000323s ]
SQL: SELECT `config` FROM `onethink_addons` WHERE ( `name` = 'Attachment' ) AND ( `status` = 1 ) LIMIT 1   [ RunTime:0.000371s ]
SQL: SELECT `config` FROM `onethink_addons` WHERE ( `name` = 'SocialComment' ) AND ( `status` = 1 ) LIMIT 1   [ RunTime:0.000260s ]
SQL: SELECT `config` FROM `onethink_addons` WHERE ( `name` = 'QuickLogin' ) AND ( `status` = 1 ) LIMIT 1   [ RunTime:0.000273s ]
SQL: SELECT `config` FROM `onethink_addons` WHERE ( `name` = 'Editor' ) AND ( `status` = 1 ) LIMIT 1   [ RunTime:0.000262s ]
SQL: SELECT `config` FROM `onethink_addons` WHERE ( `name` = 'SystemInfo' ) AND ( `status` = 1 ) LIMIT 1   [ RunTime:0.000290s ]
SQL: SELECT `config` FROM `onethink_addons` WHERE ( `name` = 'SiteStat' ) AND ( `status` = 1 ) LIMIT 1   [ RunTime:0.000254s ]
SQL: SELECT `config` FROM `onethink_addons` WHERE ( `name` = 'DevTeam' ) AND ( `status` = 1 ) LIMIT 1   [ RunTime:0.000343s ]
SQL: SELECT `config` FROM `onethink_addons` WHERE ( `name` = 'EditorForAdmin' ) AND ( `status` = 1 ) LIMIT 1   [ RunTime:0.000350s ]
INFO: Run Behavior\ParseTemplate [ RunTime:0.044930s ]
INFO: [ view_parse ] --END-- [ RunTime:0.045058s ]
INFO: [ view_filter ] --START--
INFO: Run Behavior\WriteHtmlCache [ RunTime:0.000651s ]
INFO: [ view_filter ] --END-- [ RunTime:0.000770s ]
INFO: [ app_end ] --START--
INFO: Run Behavior\ShowPageTrace [ RunTime:0.000794s ]
INFO: [ app_end ] --END-- [ RunTime:0.000913s ]

[ 2014-07-18T09:00:02+08:00 ] 127.0.0.1 /git/qujianshen/wwwroot/index.php?s=/Home/Exercise/exc_mte.html
SQL: SHOW COLUMNS FROM `onethink_likeaction` [ RunTime:0.007396s ]
SQL: SELECT * FROM `onethink_likeaction` WHERE ( `uid` = 2 ) LIMIT 1   [ RunTime:0.043955s ]
NOTIC: [2] Invalid argument supplied for foreach() D:\wamp\www\git\qujianshen\wwwroot\Application\Home\Controller\ExerciseController.class.php 第 236 行.
INFO: [ view_parse ] --START--
INFO: [ template_filter ] --START--
INFO: Run Behavior\ContentReplace [ RunTime:0.000412s ]
INFO: [ template_filter ] --END-- [ RunTime:0.000669s ]
INFO: [ pageHeader ] --START--
SQL: SHOW COLUMNS FROM `onethink_addons` [ RunTime:0.007792s ]
SQL: SELECT `config` FROM `onethink_addons` WHERE ( `name` = 'QuickLogin' ) AND ( `status` = 1 ) LIMIT 1   [ RunTime:0.000333s ]
INFO: Run QuickLogin [ RunTime:0.013456s ]
INFO: [ pageHeader ] --END-- [ RunTime:0.013649s ]
INFO: Run Behavior\ParseTemplate [ RunTime:0.258312s ]
INFO: [ view_parse ] --END-- [ RunTime:0.258571s ]
INFO: [ view_filter ] --START--
INFO: Run Behavior\WriteHtmlCache [ RunTime:0.000681s ]
INFO: [ view_filter ] --END-- [ RunTime:0.000799s ]
INFO: [ app_end ] --START--
INFO: Run Behavior\ShowPageTrace [ RunTime:0.000795s ]
INFO: [ app_end ] --END-- [ RunTime:0.000917s ]

[ 2014-07-18T09:00:04+08:00 ] 127.0.0.1 /git/qujianshen/wwwroot/index.php?s=/Home/
SQL: SHOW COLUMNS FROM `onethink_category` [ RunTime:0.013452s ]
SQL: SELECT `id`,`name`,`title`,`pid`,`sort`,`list_row`,`meta_title`,`keywords`,`description`,`template_index`,`template_lists`,`template_detail`,`template_edit`,`model`,`type`,`link_id`,`allow_publish`,`display`,`reply`,`check`,`reply_model`,`extend`,`create_time`,`update_time`,`status`,`icon` FROM `onethink_category` WHERE ( `status` = 1 ) ORDER BY sort  [ RunTime:0.001001s ]
SQL: SHOW COLUMNS FROM `onethink_document` [ RunTime:0.013051s ]
SQL: SELECT `id`,`uid`,`name`,`title`,`category_id`,`description`,`root`,`pid`,`model_id`,`type`,`position`,`link_id`,`cover_id`,`display`,`deadline`,`attach`,`view`,`comment`,`extend`,`level`,`create_time`,`update_time`,`status` FROM `onethink_document` WHERE ( `status` = 1 ) AND ( `pid` = 0 ) AND ( `create_time` < 1405645204 ) AND ( deadline = 0 OR deadline > 1405645204 ) ORDER BY `id` DESC  [ RunTime:0.001139s ]
INFO: [ view_parse ] --START--
INFO: [ template_filter ] --START--
INFO: Run Behavior\ContentReplace [ RunTime:0.000203s ]
INFO: [ template_filter ] --END-- [ RunTime:0.000347s ]
INFO: [ pageHeader ] --START--
SQL: SHOW COLUMNS FROM `onethink_addons` [ RunTime:0.006386s ]
SQL: SELECT `config` FROM `onethink_addons` WHERE ( `name` = 'QuickLogin' ) AND ( `status` = 1 ) LIMIT 1   [ RunTime:0.000384s ]
INFO: Run QuickLogin [ RunTime:0.010079s ]
INFO: [ pageHeader ] --END-- [ RunTime:0.010259s ]
SQL: SELECT `id`,`name`,`title`,`pid`,`sort`,`list_row`,`meta_title`,`keywords`,`description`,`template_index`,`template_lists`,`template_detail`,`template_edit`,`model`,`type`,`link_id`,`allow_publish`,`display`,`reply`,`check`,`reply_model`,`extend`,`create_time`,`update_time`,`status`,`icon` FROM `onethink_category` WHERE ( `id` = 1 ) LIMIT 1   [ RunTime:0.000412s ]
SQL: SELECT `id`,`name`,`pid`,`title`,`link_id` FROM `onethink_category` WHERE ( `status` = 1 ) ORDER BY sort  [ RunTime:0.000349s ]
SQL: SELECT `id`,`uid`,`name`,`title`,`category_id`,`description`,`root`,`pid`,`model_id`,`type`,`position`,`link_id`,`cover_id`,`display`,`deadline`,`attach`,`view`,`comment`,`extend`,`level`,`create_time`,`update_time`,`status` FROM `onethink_document` WHERE ( `status` = 1 ) AND ( `pid` = 0 ) AND ( `category_id` = 2 ) AND ( `create_time` < 1405645204 ) AND ( deadline = 0 OR deadline > 1405645204 ) ORDER BY `level` DESC,`id` DESC LIMIT 0,10   [ RunTime:0.000439s ]
NOTIC: [8] unserialize() [<a href='function.unserialize'>function.unserialize</a>]: Error at offset 0 of 27 bytes D:\wamp\www\git\qujianshen\wwwroot\ThinkPHP\Library\Think\Cache\Driver\File.class.php 第 104 行.
SQL: SHOW COLUMNS FROM `onethink_ucenter_member` [ RunTime:0.012319s ]
SQL: SELECT `id`,`username`,`email`,`mobile`,`status` FROM `onethink_ucenter_member` WHERE ( `id` = 1 ) LIMIT 1   [ RunTime:0.000588s ]
NOTIC: [8] unserialize() [<a href='function.unserialize'>function.unserialize</a>]: Error at offset 0 of 1316 bytes D:\wamp\www\git\qujianshen\wwwroot\ThinkPHP\Library\Think\Cache\Driver\File.class.php 第 104 行.
SQL: SHOW COLUMNS FROM `onethink_category` [ RunTime:0.012290s ]
SQL: SELECT * FROM `onethink_category` WHERE ( `id` = 2 ) LIMIT 1   [ RunTime:0.000610s ]
INFO: Run Behavior\ParseTemplate [ RunTime:0.495408s ]
INFO: [ view_parse ] --END-- [ RunTime:0.495663s ]
INFO: [ view_filter ] --START--
INFO: Run Behavior\WriteHtmlCache [ RunTime:0.001142s ]
INFO: [ view_filter ] --END-- [ RunTime:0.001367s ]
INFO: [ app_end ] --START--
INFO: Run Behavior\ShowPageTrace [ RunTime:0.001772s ]
INFO: [ app_end ] --END-- [ RunTime:0.002008s ]

[ 2014-07-18T09:00:21+08:00 ] 127.0.0.1 /git/qujianshen/wwwroot/index.php?s=/Home/
SQL: SHOW COLUMNS FROM `onethink_category` [ RunTime:0.006654s ]
SQL: SELECT `id`,`name`,`title`,`pid`,`sort`,`list_row`,`meta_title`,`keywords`,`description`,`template_index`,`template_lists`,`template_detail`,`template_edit`,`model`,`type`,`link_id`,`allow_publish`,`display`,`reply`,`check`,`reply_model`,`extend`,`create_time`,`update_time`,`status`,`icon` FROM `onethink_category` WHERE ( `status` = 1 ) ORDER BY sort  [ RunTime:0.000490s ]
SQL: SHOW COLUMNS FROM `onethink_document` [ RunTime:0.006851s ]
SQL: SELECT `id`,`uid`,`name`,`title`,`category_id`,`description`,`root`,`pid`,`model_id`,`type`,`position`,`link_id`,`cover_id`,`display`,`deadline`,`attach`,`view`,`comment`,`extend`,`level`,`create_time`,`update_time`,`status` FROM `onethink_document` WHERE ( `status` = 1 ) AND ( `pid` = 0 ) AND ( `create_time` < 1405645221 ) AND ( deadline = 0 OR deadline > 1405645221 ) ORDER BY `id` DESC  [ RunTime:0.000536s ]
INFO: [ view_parse ] --START--
INFO: [ template_filter ] --START--
INFO: Run Behavior\ContentReplace [ RunTime:0.000194s ]
INFO: [ template_filter ] --END-- [ RunTime:0.000335s ]
INFO: [ pageHeader ] --START--
SQL: SHOW COLUMNS FROM `onethink_addons` [ RunTime:0.005953s ]
SQL: SELECT `config` FROM `onethink_addons` WHERE ( `name` = 'QuickLogin' ) AND ( `status` = 1 ) LIMIT 1   [ RunTime:0.000325s ]
INFO: Run QuickLogin [ RunTime:0.009461s ]
INFO: [ pageHeader ] --END-- [ RunTime:0.009598s ]
SQL: SELECT `id`,`name`,`title`,`pid`,`sort`,`list_row`,`meta_title`,`keywords`,`description`,`template_index`,`template_lists`,`template_detail`,`template_edit`,`model`,`type`,`link_id`,`allow_publish`,`display`,`reply`,`check`,`reply_model`,`extend`,`create_time`,`update_time`,`status`,`icon` FROM `onethink_category` WHERE ( `id` = 1 ) LIMIT 1   [ RunTime:0.000333s ]
SQL: SELECT `id`,`name`,`pid`,`title`,`link_id` FROM `onethink_category` WHERE ( `status` = 1 ) ORDER BY sort  [ RunTime:0.000267s ]
SQL: SELECT `id`,`uid`,`name`,`title`,`category_id`,`description`,`root`,`pid`,`model_id`,`type`,`position`,`link_id`,`cover_id`,`display`,`deadline`,`attach`,`view`,`comment`,`extend`,`level`,`create_time`,`update_time`,`status` FROM `onethink_document` WHERE ( `status` = 1 ) AND ( `pid` = 0 ) AND ( `category_id` = 2 ) AND ( `create_time` < 1405645221 ) AND ( deadline = 0 OR deadline > 1405645221 ) ORDER BY `level` DESC,`id` DESC LIMIT 0,10   [ RunTime:0.000389s ]
INFO: Run Behavior\ParseTemplate [ RunTime:0.037293s ]
INFO: [ view_parse ] --END-- [ RunTime:0.037428s ]
INFO: [ view_filter ] --START--
INFO: Run Behavior\WriteHtmlCache [ RunTime:0.000622s ]
INFO: [ view_filter ] --END-- [ RunTime:0.000796s ]
INFO: [ app_end ] --START--
INFO: Run Behavior\ShowPageTrace [ RunTime:0.000815s ]
INFO: [ app_end ] --END-- [ RunTime:0.000939s ]

[ 2014-07-18T09:00:24+08:00 ] 127.0.0.1 /git/qujianshen/wwwroot/index.php?s=/Home/
SQL: SHOW COLUMNS FROM `onethink_category` [ RunTime:0.006244s ]
SQL: SELECT `id`,`name`,`title`,`pid`,`sort`,`list_row`,`meta_title`,`keywords`,`description`,`template_index`,`template_lists`,`template_detail`,`template_edit`,`model`,`type`,`link_id`,`allow_publish`,`display`,`reply`,`check`,`reply_model`,`extend`,`create_time`,`update_time`,`status`,`icon` FROM `onethink_category` WHERE ( `status` = 1 ) ORDER BY sort  [ RunTime:0.000467s ]
SQL: SHOW COLUMNS FROM `onethink_document` [ RunTime:0.006076s ]
SQL: SELECT `id`,`uid`,`name`,`title`,`category_id`,`description`,`root`,`pid`,`model_id`,`type`,`position`,`link_id`,`cover_id`,`display`,`deadline`,`attach`,`view`,`comment`,`extend`,`level`,`create_time`,`update_time`,`status` FROM `onethink_document` WHERE ( `status` = 1 ) AND ( `pid` = 0 ) AND ( `create_time` < 1405645224 ) AND ( deadline = 0 OR deadline > 1405645224 ) ORDER BY `id` DESC  [ RunTime:0.000539s ]
INFO: [ view_parse ] --START--
INFO: [ template_filter ] --START--
INFO: Run Behavior\ContentReplace [ RunTime:0.000191s ]
INFO: [ template_filter ] --END-- [ RunTime:0.000325s ]
INFO: [ pageHeader ] --START--
SQL: SHOW COLUMNS FROM `onethink_addons` [ RunTime:0.005862s ]
SQL: SELECT `config` FROM `onethink_addons` WHERE ( `name` = 'QuickLogin' ) AND ( `status` = 1 ) LIMIT 1   [ RunTime:0.000345s ]
INFO: Run QuickLogin [ RunTime:0.009336s ]
INFO: [ pageHeader ] --END-- [ RunTime:0.009492s ]
SQL: SELECT `id`,`name`,`title`,`pid`,`sort`,`list_row`,`meta_title`,`keywords`,`description`,`template_index`,`template_lists`,`template_detail`,`template_edit`,`model`,`type`,`link_id`,`allow_publish`,`display`,`reply`,`check`,`reply_model`,`extend`,`create_time`,`update_time`,`status`,`icon` FROM `onethink_category` WHERE ( `id` = 1 ) LIMIT 1   [ RunTime:0.000371s ]
SQL: SELECT `id`,`name`,`pid`,`title`,`link_id` FROM `onethink_category` WHERE ( `status` = 1 ) ORDER BY sort  [ RunTime:0.000315s ]
SQL: SELECT `id`,`uid`,`name`,`title`,`category_id`,`description`,`root`,`pid`,`model_id`,`type`,`position`,`link_id`,`cover_id`,`display`,`deadline`,`attach`,`view`,`comment`,`extend`,`level`,`create_time`,`update_time`,`status` FROM `onethink_document` WHERE ( `status` = 1 ) AND ( `pid` = 0 ) AND ( `category_id` = 2 ) AND ( `create_time` < 1405645224 ) AND ( deadline = 0 OR deadline > 1405645224 ) ORDER BY `level` DESC,`id` DESC LIMIT 0,10   [ RunTime:0.000554s ]
INFO: Run Behavior\ParseTemplate [ RunTime:0.036899s ]
INFO: [ view_parse ] --END-- [ RunTime:0.037032s ]
INFO: [ view_filter ] --START--
INFO: Run Behavior\WriteHtmlCache [ RunTime:0.000606s ]
INFO: [ view_filter ] --END-- [ RunTime:0.000723s ]
INFO: [ app_end ] --START--
INFO: Run Behavior\ShowPageTrace [ RunTime:0.000777s ]
INFO: [ app_end ] --END-- [ RunTime:0.000898s ]

[ 2014-07-18T09:00:25+08:00 ] 127.0.0.1 /git/qujianshen/wwwroot/index.php?s=/Home/
SQL: SHOW COLUMNS FROM `onethink_category` [ RunTime:0.006510s ]
SQL: SELECT `id`,`name`,`title`,`pid`,`sort`,`list_row`,`meta_title`,`keywords`,`description`,`template_index`,`template_lists`,`template_detail`,`template_edit`,`model`,`type`,`link_id`,`allow_publish`,`display`,`reply`,`check`,`reply_model`,`extend`,`create_time`,`update_time`,`status`,`icon` FROM `onethink_category` WHERE ( `status` = 1 ) ORDER BY sort  [ RunTime:0.000487s ]
SQL: SHOW COLUMNS FROM `onethink_document` [ RunTime:0.006571s ]
SQL: SELECT `id`,`uid`,`name`,`title`,`category_id`,`description`,`root`,`pid`,`model_id`,`type`,`position`,`link_id`,`cover_id`,`display`,`deadline`,`attach`,`view`,`comment`,`extend`,`level`,`create_time`,`update_time`,`status` FROM `onethink_document` WHERE ( `status` = 1 ) AND ( `pid` = 0 ) AND ( `create_time` < 1405645224 ) AND ( deadline = 0 OR deadline > 1405645224 ) ORDER BY `id` DESC  [ RunTime:0.000544s ]
INFO: [ view_parse ] --START--
INFO: [ template_filter ] --START--
INFO: Run Behavior\ContentReplace [ RunTime:0.000191s ]
INFO: [ template_filter ] --END-- [ RunTime:0.000328s ]
INFO: [ pageHeader ] --START--
SQL: SHOW COLUMNS FROM `onethink_addons` [ RunTime:0.005970s ]
SQL: SELECT `config` FROM `onethink_addons` WHERE ( `name` = 'QuickLogin' ) AND ( `status` = 1 ) LIMIT 1   [ RunTime:0.000336s ]
INFO: Run QuickLogin [ RunTime:0.009440s ]
INFO: [ pageHeader ] --END-- [ RunTime:0.009572s ]
SQL: SELECT `id`,`name`,`title`,`pid`,`sort`,`list_row`,`meta_title`,`keywords`,`description`,`template_index`,`template_lists`,`template_detail`,`template_edit`,`model`,`type`,`link_id`,`allow_publish`,`display`,`reply`,`check`,`reply_model`,`extend`,`create_time`,`update_time`,`status`,`icon` FROM `onethink_category` WHERE ( `id` = 1 ) LIMIT 1   [ RunTime:0.000353s ]
SQL: SELECT `id`,`name`,`pid`,`title`,`link_id` FROM `onethink_category` WHERE ( `status` = 1 ) ORDER BY sort  [ RunTime:0.000292s ]
SQL: SELECT `id`,`uid`,`name`,`title`,`category_id`,`description`,`root`,`pid`,`model_id`,`type`,`position`,`link_id`,`cover_id`,`display`,`deadline`,`attach`,`view`,`comment`,`extend`,`level`,`create_time`,`update_time`,`status` FROM `onethink_document` WHERE ( `status` = 1 ) AND ( `pid` = 0 ) AND ( `category_id` = 2 ) AND ( `create_time` < 1405645224 ) AND ( deadline = 0 OR deadline > 1405645224 ) ORDER BY `level` DESC,`id` DESC LIMIT 0,10   [ RunTime:0.000382s ]
INFO: Run Behavior\ParseTemplate [ RunTime:0.038786s ]
INFO: [ view_parse ] --END-- [ RunTime:0.038958s ]
INFO: [ view_filter ] --START--
INFO: Run Behavior\WriteHtmlCache [ RunTime:0.000676s ]
INFO: [ view_filter ] --END-- [ RunTime:0.000804s ]
INFO: [ app_end ] --START--
INFO: Run Behavior\ShowPageTrace [ RunTime:0.000803s ]
INFO: [ app_end ] --END-- [ RunTime:0.000926s ]

[ 2014-07-18T09:00:25+08:00 ] 127.0.0.1 /git/qujianshen/wwwroot/index.php?s=/Home/
SQL: SHOW COLUMNS FROM `onethink_category` [ RunTime:0.006140s ]
SQL: SELECT `id`,`name`,`title`,`pid`,`sort`,`list_row`,`meta_title`,`keywords`,`description`,`template_index`,`template_lists`,`template_detail`,`template_edit`,`model`,`type`,`link_id`,`allow_publish`,`display`,`reply`,`check`,`reply_model`,`extend`,`create_time`,`update_time`,`status`,`icon` FROM `onethink_category` WHERE ( `status` = 1 ) ORDER BY sort  [ RunTime:0.000505s ]
SQL: SHOW COLUMNS FROM `onethink_document` [ RunTime:0.006597s ]
SQL: SELECT `id`,`uid`,`name`,`title`,`category_id`,`description`,`root`,`pid`,`model_id`,`type`,`position`,`link_id`,`cover_id`,`display`,`deadline`,`attach`,`view`,`comment`,`extend`,`level`,`create_time`,`update_time`,`status` FROM `onethink_document` WHERE ( `status` = 1 ) AND ( `pid` = 0 ) AND ( `create_time` < 1405645225 ) AND ( deadline = 0 OR deadline > 1405645225 ) ORDER BY `id` DESC  [ RunTime:0.001056s ]
INFO: [ view_parse ] --START--
INFO: [ template_filter ] --START--
INFO: Run Behavior\ContentReplace [ RunTime:0.000191s ]
INFO: [ template_filter ] --END-- [ RunTime:0.000328s ]
INFO: [ pageHeader ] --START--
SQL: SHOW COLUMNS FROM `onethink_addons` [ RunTime:0.006820s ]
SQL: SELECT `config` FROM `onethink_addons` WHERE ( `name` = 'QuickLogin' ) AND ( `status` = 1 ) LIMIT 1   [ RunTime:0.000346s ]
INFO: Run QuickLogin [ RunTime:0.010261s ]
INFO: [ pageHeader ] --END-- [ RunTime:0.010397s ]
SQL: SELECT `id`,`name`,`title`,`pid`,`sort`,`list_row`,`meta_title`,`keywords`,`description`,`template_index`,`template_lists`,`template_detail`,`template_edit`,`model`,`type`,`link_id`,`allow_publish`,`display`,`reply`,`check`,`reply_model`,`extend`,`create_time`,`update_time`,`status`,`icon` FROM `onethink_category` WHERE ( `id` = 1 ) LIMIT 1   [ RunTime:0.000367s ]
SQL: SELECT `id`,`name`,`pid`,`title`,`link_id` FROM `onethink_category` WHERE ( `status` = 1 ) ORDER BY sort  [ RunTime:0.000332s ]
SQL: SELECT `id`,`uid`,`name`,`title`,`category_id`,`description`,`root`,`pid`,`model_id`,`type`,`position`,`link_id`,`cover_id`,`display`,`deadline`,`attach`,`view`,`comment`,`extend`,`level`,`create_time`,`update_time`,`status` FROM `onethink_document` WHERE ( `status` = 1 ) AND ( `pid` = 0 ) AND ( `category_id` = 2 ) AND ( `create_time` < 1405645225 ) AND ( deadline = 0 OR deadline > 1405645225 ) ORDER BY `level` DESC,`id` DESC LIMIT 0,10   [ RunTime:0.000425s ]
INFO: Run Behavior\ParseTemplate [ RunTime:0.037874s ]
INFO: [ view_parse ] --END-- [ RunTime:0.038009s ]
INFO: [ view_filter ] --START--
INFO: Run Behavior\WriteHtmlCache [ RunTime:0.000598s ]
INFO: [ view_filter ] --END-- [ RunTime:0.000716s ]
INFO: [ app_end ] --START--
INFO: Run Behavior\ShowPageTrace [ RunTime:0.000783s ]
INFO: [ app_end ] --END-- [ RunTime:0.000904s ]

[ 2014-07-18T09:01:05+08:00 ] 127.0.0.1 /git/qujianshen/wwwroot/index.php?s=/Home/
SQL: SHOW COLUMNS FROM `onethink_category` [ RunTime:0.007455s ]
SQL: SELECT `id`,`name`,`title`,`pid`,`sort`,`list_row`,`meta_title`,`keywords`,`description`,`template_index`,`template_lists`,`template_detail`,`template_edit`,`model`,`type`,`link_id`,`allow_publish`,`display`,`reply`,`check`,`reply_model`,`extend`,`create_time`,`update_time`,`status`,`icon` FROM `onethink_category` WHERE ( `status` = 1 ) ORDER BY sort  [ RunTime:0.000520s ]
SQL: SHOW COLUMNS FROM `onethink_document` [ RunTime:0.006324s ]
SQL: SELECT `id`,`uid`,`name`,`title`,`category_id`,`description`,`root`,`pid`,`model_id`,`type`,`position`,`link_id`,`cover_id`,`display`,`deadline`,`attach`,`view`,`comment`,`extend`,`level`,`create_time`,`update_time`,`status` FROM `onethink_document` WHERE ( `status` = 1 ) AND ( `pid` = 0 ) AND ( `create_time` < 1405645265 ) AND ( deadline = 0 OR deadline > 1405645265 ) ORDER BY `id` DESC  [ RunTime:0.000573s ]
INFO: [ view_parse ] --START--
INFO: [ template_filter ] --START--
INFO: Run Behavior\ContentReplace [ RunTime:0.000193s ]
INFO: [ template_filter ] --END-- [ RunTime:0.000331s ]
INFO: [ pageHeader ] --START--
SQL: SHOW COLUMNS FROM `onethink_addons` [ RunTime:0.006911s ]
SQL: SELECT `config` FROM `onethink_addons` WHERE ( `name` = 'QuickLogin' ) AND ( `status` = 1 ) LIMIT 1   [ RunTime:0.000303s ]
INFO: Run QuickLogin [ RunTime:0.011671s ]
INFO: [ pageHeader ] --END-- [ RunTime:0.011811s ]
SQL: SELECT `id`,`name`,`title`,`pid`,`sort`,`list_row`,`meta_title`,`keywords`,`description`,`template_index`,`template_lists`,`template_detail`,`template_edit`,`model`,`type`,`link_id`,`allow_publish`,`display`,`reply`,`check`,`reply_model`,`extend`,`create_time`,`update_time`,`status`,`icon` FROM `onethink_category` WHERE ( `id` = 1 ) LIMIT 1   [ RunTime:0.000280s ]
SQL: SELECT `id`,`name`,`pid`,`title`,`link_id` FROM `onethink_category` WHERE ( `status` = 1 ) ORDER BY sort  [ RunTime:0.000230s ]
SQL: SELECT `id`,`uid`,`name`,`title`,`category_id`,`description`,`root`,`pid`,`model_id`,`type`,`position`,`link_id`,`cover_id`,`display`,`deadline`,`attach`,`view`,`comment`,`extend`,`level`,`create_time`,`update_time`,`status` FROM `onethink_document` WHERE ( `status` = 1 ) AND ( `pid` = 0 ) AND ( `category_id` = 2 ) AND ( `create_time` < 1405645265 ) AND ( deadline = 0 OR deadline > 1405645265 ) ORDER BY `level` DESC,`id` DESC LIMIT 0,10   [ RunTime:0.000461s ]
INFO: Run Behavior\ParseTemplate [ RunTime:0.044518s ]
INFO: [ view_parse ] --END-- [ RunTime:0.044688s ]
INFO: [ view_filter ] --START--
INFO: Run Behavior\WriteHtmlCache [ RunTime:0.000617s ]
INFO: [ view_filter ] --END-- [ RunTime:0.000738s ]
INFO: [ app_end ] --START--
INFO: Run Behavior\ShowPageTrace [ RunTime:0.000968s ]
INFO: [ app_end ] --END-- [ RunTime:0.001108s ]

[ 2014-07-18T09:01:11+08:00 ] 127.0.0.1 /git/qujianshen/wwwroot/index.php?s=/Home/
SQL: SHOW COLUMNS FROM `onethink_category` [ RunTime:0.006268s ]
SQL: SELECT `id`,`name`,`title`,`pid`,`sort`,`list_row`,`meta_title`,`keywords`,`description`,`template_index`,`template_lists`,`template_detail`,`template_edit`,`model`,`type`,`link_id`,`allow_publish`,`display`,`reply`,`check`,`reply_model`,`extend`,`create_time`,`update_time`,`status`,`icon` FROM `onethink_category` WHERE ( `status` = 1 ) ORDER BY sort  [ RunTime:0.000462s ]
SQL: SHOW COLUMNS FROM `onethink_document` [ RunTime:0.006804s ]
SQL: SELECT `id`,`uid`,`name`,`title`,`category_id`,`description`,`root`,`pid`,`model_id`,`type`,`position`,`link_id`,`cover_id`,`display`,`deadline`,`attach`,`view`,`comment`,`extend`,`level`,`create_time`,`update_time`,`status` FROM `onethink_document` WHERE ( `status` = 1 ) AND ( `pid` = 0 ) AND ( `create_time` < 1405645271 ) AND ( deadline = 0 OR deadline > 1405645271 ) ORDER BY `id` DESC  [ RunTime:0.000637s ]
INFO: [ view_parse ] --START--
INFO: [ template_filter ] --START--
INFO: Run Behavior\ContentReplace [ RunTime:0.000192s ]
INFO: [ template_filter ] --END-- [ RunTime:0.000331s ]
INFO: [ pageHeader ] --START--
SQL: SHOW COLUMNS FROM `onethink_addons` [ RunTime:0.005888s ]
SQL: SELECT `config` FROM `onethink_addons` WHERE ( `name` = 'QuickLogin' ) AND ( `status` = 1 ) LIMIT 1   [ RunTime:0.000405s ]
INFO: Run QuickLogin [ RunTime:0.009378s ]
INFO: [ pageHeader ] --END-- [ RunTime:0.009511s ]
SQL: SELECT `id`,`name`,`title`,`pid`,`sort`,`list_row`,`meta_title`,`keywords`,`description`,`template_index`,`template_lists`,`template_detail`,`template_edit`,`model`,`type`,`link_id`,`allow_publish`,`display`,`reply`,`check`,`reply_model`,`extend`,`create_time`,`update_time`,`status`,`icon` FROM `onethink_category` WHERE ( `id` = 1 ) LIMIT 1   [ RunTime:0.000430s ]
SQL: SELECT `id`,`name`,`pid`,`title`,`link_id` FROM `onethink_category` WHERE ( `status` = 1 ) ORDER BY sort  [ RunTime:0.000320s ]
SQL: SELECT `id`,`uid`,`name`,`title`,`category_id`,`description`,`root`,`pid`,`model_id`,`type`,`position`,`link_id`,`cover_id`,`display`,`deadline`,`attach`,`view`,`comment`,`extend`,`level`,`create_time`,`update_time`,`status` FROM `onethink_document` WHERE ( `status` = 1 ) AND ( `pid` = 0 ) AND ( `category_id` = 2 ) AND ( `create_time` < 1405645271 ) AND ( deadline = 0 OR deadline > 1405645271 ) ORDER BY `level` DESC,`id` DESC LIMIT 0,10   [ RunTime:0.000462s ]
INFO: Run Behavior\ParseTemplate [ RunTime:0.035904s ]
INFO: [ view_parse ] --END-- [ RunTime:0.036037s ]
INFO: [ view_filter ] --START--
INFO: Run Behavior\WriteHtmlCache [ RunTime:0.000644s ]
INFO: [ view_filter ] --END-- [ RunTime:0.000768s ]
INFO: [ app_end ] --START--
INFO: Run Behavior\ShowPageTrace [ RunTime:0.000774s ]
INFO: [ app_end ] --END-- [ RunTime:0.000894s ]

[ 2014-07-18T09:01:21+08:00 ] 127.0.0.1 /git/qujianshen/wwwroot/index.php?s=/Home/
SQL: SHOW COLUMNS FROM `onethink_category` [ RunTime:0.006158s ]
SQL: SELECT `id`,`name`,`title`,`pid`,`sort`,`list_row`,`meta_title`,`keywords`,`description`,`template_index`,`template_lists`,`template_detail`,`template_edit`,`model`,`type`,`link_id`,`allow_publish`,`display`,`reply`,`check`,`reply_model`,`extend`,`create_time`,`update_time`,`status`,`icon` FROM `onethink_category` WHERE ( `status` = 1 ) ORDER BY sort  [ RunTime:0.000459s ]
SQL: SHOW COLUMNS FROM `onethink_document` [ RunTime:0.006332s ]
SQL: SELECT `id`,`uid`,`name`,`title`,`category_id`,`description`,`root`,`pid`,`model_id`,`type`,`position`,`link_id`,`cover_id`,`display`,`deadline`,`attach`,`view`,`comment`,`extend`,`level`,`create_time`,`update_time`,`status` FROM `onethink_document` WHERE ( `status` = 1 ) AND ( `pid` = 0 ) AND ( `create_time` < 1405645281 ) AND ( deadline = 0 OR deadline > 1405645281 ) ORDER BY `id` DESC  [ RunTime:0.000541s ]
INFO: [ view_parse ] --START--
INFO: [ template_filter ] --START--
INFO: Run Behavior\ContentReplace [ RunTime:0.000190s ]
INFO: [ template_filter ] --END-- [ RunTime:0.000326s ]
INFO: [ pageHeader ] --START--
SQL: SHOW COLUMNS FROM `onethink_addons` [ RunTime:0.005961s ]
SQL: SELECT `config` FROM `onethink_addons` WHERE ( `name` = 'QuickLogin' ) AND ( `status` = 1 ) LIMIT 1   [ RunTime:0.000392s ]
INFO: Run QuickLogin [ RunTime:0.009552s ]
INFO: [ pageHeader ] --END-- [ RunTime:0.009687s ]
SQL: SELECT `id`,`name`,`title`,`pid`,`sort`,`list_row`,`meta_title`,`keywords`,`description`,`template_index`,`template_lists`,`template_detail`,`template_edit`,`model`,`type`,`link_id`,`allow_publish`,`display`,`reply`,`check`,`reply_model`,`extend`,`create_time`,`update_time`,`status`,`icon` FROM `onethink_category` WHERE ( `id` = 1 ) LIMIT 1   [ RunTime:0.000430s ]
SQL: SELECT `id`,`name`,`pid`,`title`,`link_id` FROM `onethink_category` WHERE ( `status` = 1 ) ORDER BY sort  [ RunTime:0.000268s ]
SQL: SELECT `id`,`uid`,`name`,`title`,`category_id`,`description`,`root`,`pid`,`model_id`,`type`,`position`,`link_id`,`cover_id`,`display`,`deadline`,`attach`,`view`,`comment`,`extend`,`level`,`create_time`,`update_time`,`status` FROM `onethink_document` WHERE ( `status` = 1 ) AND ( `pid` = 0 ) AND ( `category_id` = 2 ) AND ( `create_time` < 1405645281 ) AND ( deadline = 0 OR deadline > 1405645281 ) ORDER BY `level` DESC,`id` DESC LIMIT 0,10   [ RunTime:0.000353s ]
INFO: Run Behavior\ParseTemplate [ RunTime:0.037038s ]
INFO: [ view_parse ] --END-- [ RunTime:0.037166s ]
INFO: [ view_filter ] --START--
INFO: Run Behavior\WriteHtmlCache [ RunTime:0.000791s ]
INFO: [ view_filter ] --END-- [ RunTime:0.000910s ]
INFO: [ app_end ] --START--
INFO: Run Behavior\ShowPageTrace [ RunTime:0.000956s ]
INFO: [ app_end ] --END-- [ RunTime:0.001081s ]

[ 2014-07-18T09:01:29+08:00 ] 127.0.0.1 /git/qujianshen/wwwroot/index.php?s=/Admin/Addons/config/id/16.html
SQL: SHOW COLUMNS FROM `onethink_menu` [ RunTime:0.005895s ]
SQL: SELECT * FROM `onethink_menu` WHERE ( `pid` = 0 ) AND ( `hide` = 0 ) ORDER BY sort asc  [ RunTime:0.000577s ]
SQL: SELECT `id` FROM `onethink_menu` WHERE ( url like '%Addons/config%' ) LIMIT 1   [ RunTime:0.000310s ]
SQL: SHOW COLUMNS FROM `onethink_menu` [ RunTime:0.006005s ]
SQL: SELECT `id`,`pid`,`title` FROM `onethink_menu` WHERE ( id=49 ) LIMIT 1   [ RunTime:0.000316s ]
SQL: SELECT `id`,`pid`,`title` FROM `onethink_menu` WHERE ( id=44 ) LIMIT 1   [ RunTime:0.000242s ]
SQL: SELECT `id`,`pid`,`title` FROM `onethink_menu` WHERE ( id=43 ) LIMIT 1   [ RunTime:0.000273s ]
SQL: SELECT DISTINCT  `group` FROM `onethink_menu` WHERE ( pid = 43 )  [ RunTime:0.000502s ]
SQL: SELECT `id`,`url` FROM `onethink_menu` WHERE ( `pid` = 43 ) AND ( `hide` = 0 )  [ RunTime:0.000299s ]
SQL: SELECT `id`,`pid`,`title`,`url`,`tip` FROM `onethink_menu` WHERE ( `group` = '扩展' ) AND ( `pid` = 43 ) AND ( `hide` = 0 ) ORDER BY sort asc  [ RunTime:0.000450s ]
SQL: SHOW COLUMNS FROM `onethink_addons` [ RunTime:0.006166s ]
SQL: SELECT * FROM `onethink_addons` WHERE ( `id` = 16 ) LIMIT 1   [ RunTime:0.000398s ]
INFO: [ view_parse ] --START--
INFO: [ template_filter ] --START--
INFO: Run Behavior\ContentReplace [ RunTime:0.000338s ]
INFO: [ template_filter ] --END-- [ RunTime:0.000473s ]
INFO: Run Behavior\ParseTemplate [ RunTime:0.084845s ]
INFO: [ view_parse ] --END-- [ RunTime:0.085006s ]
INFO: [ view_filter ] --START--
INFO: Run Behavior\WriteHtmlCache [ RunTime:0.000959s ]
INFO: [ view_filter ] --END-- [ RunTime:0.001086s ]
INFO: [ app_end ] --START--
INFO: Run Behavior\ShowPageTrace [ RunTime:0.001541s ]
INFO: [ app_end ] --END-- [ RunTime:0.001713s ]

[ 2014-07-18T09:01:49+08:00 ] 127.0.0.1 /git/qujianshen/wwwroot/index.php?s=/Admin/Addons/hooks.html
SQL: SHOW COLUMNS FROM `onethink_menu` [ RunTime:0.006513s ]
SQL: SELECT * FROM `onethink_menu` WHERE ( `pid` = 0 ) AND ( `hide` = 0 ) ORDER BY sort asc  [ RunTime:0.000553s ]
SQL: SELECT `id` FROM `onethink_menu` WHERE ( url like '%Addons/hooks%' ) LIMIT 1   [ RunTime:0.000299s ]
SQL: SHOW COLUMNS FROM `onethink_menu` [ RunTime:0.008982s ]
SQL: SELECT `id`,`pid`,`title` FROM `onethink_menu` WHERE ( id=57 ) LIMIT 1   [ RunTime:0.000449s ]
SQL: SELECT `id`,`pid`,`title` FROM `onethink_menu` WHERE ( id=43 ) LIMIT 1   [ RunTime:0.000252s ]
SQL: SELECT DISTINCT  `group` FROM `onethink_menu` WHERE ( pid = 43 )  [ RunTime:0.000508s ]
SQL: SELECT `id`,`url` FROM `onethink_menu` WHERE ( `pid` = 43 ) AND ( `hide` = 0 )  [ RunTime:0.000273s ]
SQL: SELECT `id`,`pid`,`title`,`url`,`tip` FROM `onethink_menu` WHERE ( `group` = '扩展' ) AND ( `pid` = 43 ) AND ( `hide` = 0 ) ORDER BY sort asc  [ RunTime:0.000306s ]
SQL: SHOW COLUMNS FROM `onethink_hooks` [ RunTime:0.006077s ]
SQL: SELECT COUNT(*) AS tp_count FROM `onethink_hooks` LIMIT 1   [ RunTime:0.000202s ]
SQL: SELECT `id`,`name`,`description`,`type`,`update_time`,`addons` FROM `onethink_hooks` ORDER BY id ASC LIMIT 0,10   [ RunTime:0.000523s ]
INFO: [ view_parse ] --START--
INFO: [ template_filter ] --START--
INFO: Run Behavior\ContentReplace [ RunTime:0.000175s ]
INFO: [ template_filter ] --END-- [ RunTime:0.000308s ]
INFO: Run Behavior\ParseTemplate [ RunTime:0.029793s ]
INFO: [ view_parse ] --END-- [ RunTime:0.029941s ]
INFO: [ view_filter ] --START--
INFO: Run Behavior\WriteHtmlCache [ RunTime:0.000939s ]
INFO: [ view_filter ] --END-- [ RunTime:0.001154s ]
INFO: [ app_end ] --START--
INFO: Run Behavior\ShowPageTrace [ RunTime:0.000969s ]
INFO: [ app_end ] --END-- [ RunTime:0.001092s ]

[ 2014-07-18T09:01:52+08:00 ] 127.0.0.1 /git/qujianshen/wwwroot/index.php?s=/Admin/Addons/hooks/p/2.html
SQL: SHOW COLUMNS FROM `onethink_menu` [ RunTime:0.006127s ]
SQL: SELECT * FROM `onethink_menu` WHERE ( `pid` = 0 ) AND ( `hide` = 0 ) ORDER BY sort asc  [ RunTime:0.000623s ]
SQL: SELECT `id` FROM `onethink_menu` WHERE ( url like '%Addons/hooks%' ) LIMIT 1   [ RunTime:0.000352s ]
SQL: SHOW COLUMNS FROM `onethink_menu` [ RunTime:0.005992s ]
SQL: SELECT `id`,`pid`,`title` FROM `onethink_menu` WHERE ( id=57 ) LIMIT 1   [ RunTime:0.000338s ]
SQL: SELECT `id`,`pid`,`title` FROM `onethink_menu` WHERE ( id=43 ) LIMIT 1   [ RunTime:0.000267s ]
SQL: SELECT DISTINCT  `group` FROM `onethink_menu` WHERE ( pid = 43 )  [ RunTime:0.000484s ]
SQL: SELECT `id`,`url` FROM `onethink_menu` WHERE ( `pid` = 43 ) AND ( `hide` = 0 )  [ RunTime:0.000278s ]
SQL: SELECT `id`,`pid`,`title`,`url`,`tip` FROM `onethink_menu` WHERE ( `group` = '扩展' ) AND ( `pid` = 43 ) AND ( `hide` = 0 ) ORDER BY sort asc  [ RunTime:0.000326s ]
SQL: SHOW COLUMNS FROM `onethink_hooks` [ RunTime:0.005931s ]
SQL: SELECT COUNT(*) AS tp_count FROM `onethink_hooks` LIMIT 1   [ RunTime:0.000706s ]
SQL: SELECT `id`,`name`,`description`,`type`,`update_time`,`addons` FROM `onethink_hooks` ORDER BY id ASC LIMIT 10,10   [ RunTime:0.000580s ]
INFO: [ view_parse ] --START--
INFO: [ template_filter ] --START--
INFO: Run Behavior\ContentReplace [ RunTime:0.000180s ]
INFO: [ template_filter ] --END-- [ RunTime:0.000314s ]
INFO: Run Behavior\ParseTemplate [ RunTime:0.024134s ]
INFO: [ view_parse ] --END-- [ RunTime:0.024279s ]
INFO: [ view_filter ] --START--
INFO: Run Behavior\WriteHtmlCache [ RunTime:0.000899s ]
INFO: [ view_filter ] --END-- [ RunTime:0.001023s ]
INFO: [ app_end ] --START--
INFO: Run Behavior\ShowPageTrace [ RunTime:0.000964s ]
INFO: [ app_end ] --END-- [ RunTime:0.001088s ]

[ 2014-07-18T09:01:54+08:00 ] 127.0.0.1 /git/qujianshen/wwwroot/index.php?s=/Admin/Addons/edithook/id/17.html
SQL: SHOW COLUMNS FROM `onethink_menu` [ RunTime:0.005639s ]
SQL: SELECT * FROM `onethink_menu` WHERE ( `pid` = 0 ) AND ( `hide` = 0 ) ORDER BY sort asc  [ RunTime:0.000544s ]
SQL: SELECT `id` FROM `onethink_menu` WHERE ( url like '%Addons/edithook%' ) LIMIT 1   [ RunTime:0.000318s ]
SQL: SHOW COLUMNS FROM `onethink_menu` [ RunTime:0.006225s ]
SQL: SELECT `id`,`pid`,`title` FROM `onethink_menu` WHERE ( id=117 ) LIMIT 1   [ RunTime:0.000339s ]
SQL: SELECT `id`,`pid`,`title` FROM `onethink_menu` WHERE ( id=57 ) LIMIT 1   [ RunTime:0.000246s ]
SQL: SELECT `id`,`pid`,`title` FROM `onethink_menu` WHERE ( id=43 ) LIMIT 1   [ RunTime:0.000236s ]
SQL: SELECT DISTINCT  `group` FROM `onethink_menu` WHERE ( pid = 43 )  [ RunTime:0.000462s ]
SQL: SELECT `id`,`url` FROM `onethink_menu` WHERE ( `pid` = 43 ) AND ( `hide` = 0 )  [ RunTime:0.000278s ]
SQL: SELECT `id`,`pid`,`title`,`url`,`tip` FROM `onethink_menu` WHERE ( `group` = '扩展' ) AND ( `pid` = 43 ) AND ( `hide` = 0 ) ORDER BY sort asc  [ RunTime:0.000326s ]
SQL: SHOW COLUMNS FROM `onethink_hooks` [ RunTime:0.005713s ]
SQL: SELECT `id`,`name`,`description`,`type`,`update_time`,`addons` FROM `onethink_hooks` WHERE ( `id` = 17 ) LIMIT 1   [ RunTime:0.000402s ]
INFO: [ view_parse ] --START--
INFO: [ template_filter ] --START--
INFO: Run Behavior\ContentReplace [ RunTime:0.000304s ]
INFO: [ template_filter ] --END-- [ RunTime:0.000449s ]
INFO: Run Behavior\ParseTemplate [ RunTime:0.040372s ]
INFO: [ view_parse ] --END-- [ RunTime:0.040515s ]
INFO: [ view_filter ] --START--
INFO: Run Behavior\WriteHtmlCache [ RunTime:0.000787s ]
INFO: [ view_filter ] --END-- [ RunTime:0.000906s ]
INFO: [ app_end ] --START--
INFO: Run Behavior\ShowPageTrace [ RunTime:0.001149s ]
INFO: [ app_end ] --END-- [ RunTime:0.001281s ]

[ 2014-07-18T09:02:16+08:00 ] 127.0.0.1 /git/qujianshen/wwwroot/index.php?s=/Admin/Addons/updateHook.html
INFO: [ app_begin ] --START--
INFO: Run Behavior\ReadHtmlCache [ RunTime:0.000882s ]
INFO: [ app_begin ] --END-- [ RunTime:0.001432s ]
SQL: SHOW COLUMNS FROM `onethink_addons` [ RunTime:0.005924s ]
SQL: SELECT `title`,`name` FROM `onethink_addons` WHERE ( status=1 AND has_adminlist=1 )  [ RunTime:0.000334s ]
SQL: SHOW COLUMNS FROM `onethink_menu` [ RunTime:0.006000s ]
SQL: SELECT * FROM `onethink_menu` WHERE ( `pid` = 0 ) AND ( `hide` = 0 ) ORDER BY sort asc  [ RunTime:0.000525s ]
SQL: SELECT `id` FROM `onethink_menu` WHERE ( url like '%Addons/updatehook%' ) LIMIT 1   [ RunTime:0.000332s ]
SQL: SHOW COLUMNS FROM `onethink_hooks` [ RunTime:0.005853s ]
SQL: UPDATE `onethink_hooks` SET `name`='login',`description`='第三方登陆',`type`=1,`addons`='',`update_time`=1405645336 WHERE ( `id` = 17 ) [ RunTime:0.000376s ]

[ 2014-07-18T09:02:17+08:00 ] 127.0.0.1 /git/qujianshen/wwwroot/index.php?s=/Admin/Addons/hooks/p/2.html
SQL: SHOW COLUMNS FROM `onethink_menu` [ RunTime:0.006036s ]
SQL: SELECT * FROM `onethink_menu` WHERE ( `pid` = 0 ) AND ( `hide` = 0 ) ORDER BY sort asc  [ RunTime:0.000649s ]
SQL: SELECT `id` FROM `onethink_menu` WHERE ( url like '%Addons/hooks%' ) LIMIT 1   [ RunTime:0.000296s ]
SQL: SHOW COLUMNS FROM `onethink_menu` [ RunTime:0.005926s ]
SQL: SELECT `id`,`pid`,`title` FROM `onethink_menu` WHERE ( id=57 ) LIMIT 1   [ RunTime:0.000321s ]
SQL: SELECT `id`,`pid`,`title` FROM `onethink_menu` WHERE ( id=43 ) LIMIT 1   [ RunTime:0.000247s ]
SQL: SELECT DISTINCT  `group` FROM `onethink_menu` WHERE ( pid = 43 )  [ RunTime:0.000486s ]
SQL: SELECT `id`,`url` FROM `onethink_menu` WHERE ( `pid` = 43 ) AND ( `hide` = 0 )  [ RunTime:0.000278s ]
SQL: SELECT `id`,`pid`,`title`,`url`,`tip` FROM `onethink_menu` WHERE ( `group` = '扩展' ) AND ( `pid` = 43 ) AND ( `hide` = 0 ) ORDER BY sort asc  [ RunTime:0.000325s ]
SQL: SHOW COLUMNS FROM `onethink_hooks` [ RunTime:0.005655s ]
SQL: SELECT COUNT(*) AS tp_count FROM `onethink_hooks` LIMIT 1   [ RunTime:0.000236s ]
SQL: SELECT `id`,`name`,`description`,`type`,`update_time`,`addons` FROM `onethink_hooks` ORDER BY id ASC LIMIT 10,10   [ RunTime:0.000431s ]
INFO: [ view_parse ] --START--
INFO: [ template_filter ] --START--
INFO: Run Behavior\ContentReplace [ RunTime:0.000177s ]
INFO: [ template_filter ] --END-- [ RunTime:0.000309s ]
INFO: Run Behavior\ParseTemplate [ RunTime:0.023366s ]
INFO: [ view_parse ] --END-- [ RunTime:0.023507s ]
INFO: [ view_filter ] --START--
INFO: Run Behavior\WriteHtmlCache [ RunTime:0.000711s ]
INFO: [ view_filter ] --END-- [ RunTime:0.000828s ]
INFO: [ app_end ] --START--
INFO: Run Behavior\ShowPageTrace [ RunTime:0.000892s ]
INFO: [ app_end ] --END-- [ RunTime:0.001010s ]

[ 2014-07-18T09:02:22+08:00 ] 127.0.0.1 /git/qujianshen/wwwroot/index.php?s=/Admin/Addons/edithook/id/17.html
SQL: SHOW COLUMNS FROM `onethink_menu` [ RunTime:0.005799s ]
SQL: SELECT * FROM `onethink_menu` WHERE ( `pid` = 0 ) AND ( `hide` = 0 ) ORDER BY sort asc  [ RunTime:0.000573s ]
SQL: SELECT `id` FROM `onethink_menu` WHERE ( url like '%Addons/edithook%' ) LIMIT 1   [ RunTime:0.000319s ]
SQL: SHOW COLUMNS FROM `onethink_menu` [ RunTime:0.006288s ]
SQL: SELECT `id`,`pid`,`title` FROM `onethink_menu` WHERE ( id=117 ) LIMIT 1   [ RunTime:0.000338s ]
SQL: SELECT `id`,`pid`,`title` FROM `onethink_menu` WHERE ( id=57 ) LIMIT 1   [ RunTime:0.000271s ]
SQL: SELECT `id`,`pid`,`title` FROM `onethink_menu` WHERE ( id=43 ) LIMIT 1   [ RunTime:0.000237s ]
SQL: SELECT DISTINCT  `group` FROM `onethink_menu` WHERE ( pid = 43 )  [ RunTime:0.000484s ]
SQL: SELECT `id`,`url` FROM `onethink_menu` WHERE ( `pid` = 43 ) AND ( `hide` = 0 )  [ RunTime:0.000275s ]
SQL: SELECT `id`,`pid`,`title`,`url`,`tip` FROM `onethink_menu` WHERE ( `group` = '扩展' ) AND ( `pid` = 43 ) AND ( `hide` = 0 ) ORDER BY sort asc  [ RunTime:0.000329s ]
SQL: SHOW COLUMNS FROM `onethink_hooks` [ RunTime:0.005834s ]
SQL: SELECT `id`,`name`,`description`,`type`,`update_time`,`addons` FROM `onethink_hooks` WHERE ( `id` = 17 ) LIMIT 1   [ RunTime:0.000340s ]
INFO: [ view_parse ] --START--
INFO: [ template_filter ] --START--
INFO: Run Behavior\ContentReplace [ RunTime:0.000228s ]
INFO: [ template_filter ] --END-- [ RunTime:0.000473s ]
INFO: Run Behavior\ParseTemplate [ RunTime:0.028493s ]
INFO: [ view_parse ] --END-- [ RunTime:0.028638s ]
INFO: [ view_filter ] --START--
INFO: Run Behavior\WriteHtmlCache [ RunTime:0.000765s ]
INFO: [ view_filter ] --END-- [ RunTime:0.000885s ]
INFO: [ app_end ] --START--
INFO: Run Behavior\ShowPageTrace [ RunTime:0.001105s ]
INFO: [ app_end ] --END-- [ RunTime:0.001310s ]

[ 2014-07-18T09:02:23+08:00 ] 127.0.0.1 /git/qujianshen/wwwroot/index.php?s=/Admin/Addons/hooks.html
SQL: SHOW COLUMNS FROM `onethink_menu` [ RunTime:0.006034s ]
SQL: SELECT * FROM `onethink_menu` WHERE ( `pid` = 0 ) AND ( `hide` = 0 ) ORDER BY sort asc  [ RunTime:0.000574s ]
SQL: SELECT `id` FROM `onethink_menu` WHERE ( url like '%Addons/hooks%' ) LIMIT 1   [ RunTime:0.000335s ]
SQL: SHOW COLUMNS FROM `onethink_menu` [ RunTime:0.006022s ]
SQL: SELECT `id`,`pid`,`title` FROM `onethink_menu` WHERE ( id=57 ) LIMIT 1   [ RunTime:0.000324s ]
SQL: SELECT `id`,`pid`,`title` FROM `onethink_menu` WHERE ( id=43 ) LIMIT 1   [ RunTime:0.000245s ]
SQL: SELECT DISTINCT  `group` FROM `onethink_menu` WHERE ( pid = 43 )  [ RunTime:0.000490s ]
SQL: SELECT `id`,`url` FROM `onethink_menu` WHERE ( `pid` = 43 ) AND ( `hide` = 0 )  [ RunTime:0.000330s ]
SQL: SELECT `id`,`pid`,`title`,`url`,`tip` FROM `onethink_menu` WHERE ( `group` = '扩展' ) AND ( `pid` = 43 ) AND ( `hide` = 0 ) ORDER BY sort asc  [ RunTime:0.000345s ]
SQL: SHOW COLUMNS FROM `onethink_hooks` [ RunTime:0.006275s ]
SQL: SELECT COUNT(*) AS tp_count FROM `onethink_hooks` LIMIT 1   [ RunTime:0.000275s ]
SQL: SELECT `id`,`name`,`description`,`type`,`update_time`,`addons` FROM `onethink_hooks` ORDER BY id ASC LIMIT 0,10   [ RunTime:0.000539s ]
INFO: [ view_parse ] --START--
INFO: [ template_filter ] --START--
INFO: Run Behavior\ContentReplace [ RunTime:0.000176s ]
INFO: [ template_filter ] --END-- [ RunTime:0.000310s ]
INFO: Run Behavior\ParseTemplate [ RunTime:0.027089s ]
INFO: [ view_parse ] --END-- [ RunTime:0.027264s ]
INFO: [ view_filter ] --START--
INFO: Run Behavior\WriteHtmlCache [ RunTime:0.000913s ]
INFO: [ view_filter ] --END-- [ RunTime:0.001049s ]
INFO: [ app_end ] --START--
INFO: Run Behavior\ShowPageTrace [ RunTime:0.001025s ]
INFO: [ app_end ] --END-- [ RunTime:0.001155s ]

[ 2014-07-18T09:02:24+08:00 ] 127.0.0.1 /git/qujianshen/wwwroot/index.php?s=/Admin/Addons/index.html
SQL: SHOW COLUMNS FROM `onethink_menu` [ RunTime:0.005649s ]
SQL: SELECT * FROM `onethink_menu` WHERE ( `pid` = 0 ) AND ( `hide` = 0 ) ORDER BY sort asc  [ RunTime:0.000589s ]
SQL: SELECT `id` FROM `onethink_menu` WHERE ( url like '%Addons/index%' ) LIMIT 1   [ RunTime:0.000276s ]
SQL: SHOW COLUMNS FROM `onethink_menu` [ RunTime:0.005931s ]
SQL: SELECT `id`,`pid`,`title` FROM `onethink_menu` WHERE ( id=43 ) LIMIT 1   [ RunTime:0.000366s ]
SQL: SELECT DISTINCT  `group` FROM `onethink_menu` WHERE ( pid = 43 )  [ RunTime:0.000610s ]
SQL: SELECT `id`,`url` FROM `onethink_menu` WHERE ( `pid` = 43 ) AND ( `hide` = 0 )  [ RunTime:0.000339s ]
SQL: SELECT `id`,`pid`,`title`,`url`,`tip` FROM `onethink_menu` WHERE ( `group` = '扩展' ) AND ( `pid` = 43 ) AND ( `hide` = 0 ) ORDER BY sort asc  [ RunTime:0.000291s ]
SQL: SELECT `id`,`name`,`title`,`description`,`status`,`config`,`author`,`version`,`create_time`,`has_adminlist` FROM `onethink_addons` WHERE ( `name` IN ('Attachment','DevTeam','Editor','EditorForAdmin','QuickLogin','SiteStat','SocialComment','SystemInfo') )  [ RunTime:0.000393s ]
INFO: [ view_parse ] --START--
INFO: [ template_filter ] --START--
INFO: Run Behavior\ContentReplace [ RunTime:0.000184s ]
INFO: [ template_filter ] --END-- [ RunTime:0.000316s ]
SQL: SHOW COLUMNS FROM `onethink_addons` [ RunTime:0.006081s ]
SQL: SELECT `config` FROM `onethink_addons` WHERE ( `name` = 'Attachment' ) AND ( `status` = 1 ) LIMIT 1   [ RunTime:0.001772s ]
SQL: SELECT `config` FROM `onethink_addons` WHERE ( `name` = 'SocialComment' ) AND ( `status` = 1 ) LIMIT 1   [ RunTime:0.000816s ]
SQL: SELECT `config` FROM `onethink_addons` WHERE ( `name` = 'QuickLogin' ) AND ( `status` = 1 ) LIMIT 1   [ RunTime:0.000429s ]
SQL: SELECT `config` FROM `onethink_addons` WHERE ( `name` = 'Editor' ) AND ( `status` = 1 ) LIMIT 1   [ RunTime:0.000353s ]
SQL: SELECT `config` FROM `onethink_addons` WHERE ( `name` = 'SystemInfo' ) AND ( `status` = 1 ) LIMIT 1   [ RunTime:0.000401s ]
SQL: SELECT `config` FROM `onethink_addons` WHERE ( `name` = 'SiteStat' ) AND ( `status` = 1 ) LIMIT 1   [ RunTime:0.000395s ]
SQL: SELECT `config` FROM `onethink_addons` WHERE ( `name` = 'DevTeam' ) AND ( `status` = 1 ) LIMIT 1   [ RunTime:0.000404s ]
SQL: SELECT `config` FROM `onethink_addons` WHERE ( `name` = 'EditorForAdmin' ) AND ( `status` = 1 ) LIMIT 1   [ RunTime:0.000407s ]
INFO: Run Behavior\ParseTemplate [ RunTime:0.133835s ]
INFO: [ view_parse ] --END-- [ RunTime:0.133964s ]
INFO: [ view_filter ] --START--
INFO: Run Behavior\WriteHtmlCache [ RunTime:0.001600s ]
INFO: [ view_filter ] --END-- [ RunTime:0.001739s ]
INFO: [ app_end ] --START--
INFO: Run Behavior\ShowPageTrace [ RunTime:0.000997s ]
INFO: [ app_end ] --END-- [ RunTime:0.001125s ]

[ 2014-07-18T09:02:28+08:00 ] 127.0.0.1 /git/qujianshen/wwwroot/index.php?s=/Admin/Addons/config/id/16.html
SQL: SHOW COLUMNS FROM `onethink_menu` [ RunTime:0.006347s ]
SQL: SELECT * FROM `onethink_menu` WHERE ( `pid` = 0 ) AND ( `hide` = 0 ) ORDER BY sort asc  [ RunTime:0.000556s ]
SQL: SELECT `id` FROM `onethink_menu` WHERE ( url like '%Addons/config%' ) LIMIT 1   [ RunTime:0.000276s ]
SQL: SHOW COLUMNS FROM `onethink_menu` [ RunTime:0.006145s ]
SQL: SELECT `id`,`pid`,`title` FROM `onethink_menu` WHERE ( id=49 ) LIMIT 1   [ RunTime:0.000344s ]
SQL: SELECT `id`,`pid`,`title` FROM `onethink_menu` WHERE ( id=44 ) LIMIT 1   [ RunTime:0.000364s ]
SQL: SELECT `id`,`pid`,`title` FROM `onethink_menu` WHERE ( id=43 ) LIMIT 1   [ RunTime:0.000276s ]
SQL: SELECT DISTINCT  `group` FROM `onethink_menu` WHERE ( pid = 43 )  [ RunTime:0.000504s ]
SQL: SELECT `id`,`url` FROM `onethink_menu` WHERE ( `pid` = 43 ) AND ( `hide` = 0 )  [ RunTime:0.000272s ]
SQL: SELECT `id`,`pid`,`title`,`url`,`tip` FROM `onethink_menu` WHERE ( `group` = '扩展' ) AND ( `pid` = 43 ) AND ( `hide` = 0 ) ORDER BY sort asc  [ RunTime:0.000337s ]
SQL: SHOW COLUMNS FROM `onethink_addons` [ RunTime:0.005961s ]
SQL: SELECT * FROM `onethink_addons` WHERE ( `id` = 16 ) LIMIT 1   [ RunTime:0.000469s ]
INFO: [ view_parse ] --START--
INFO: [ template_filter ] --START--
INFO: Run Behavior\ContentReplace [ RunTime:0.000323s ]
INFO: [ template_filter ] --END-- [ RunTime:0.000464s ]
INFO: Run Behavior\ParseTemplate [ RunTime:0.053728s ]
INFO: [ view_parse ] --END-- [ RunTime:0.053875s ]
INFO: [ view_filter ] --START--
INFO: Run Behavior\WriteHtmlCache [ RunTime:0.000747s ]
INFO: [ view_filter ] --END-- [ RunTime:0.000864s ]
INFO: [ app_end ] --START--
INFO: Run Behavior\ShowPageTrace [ RunTime:0.000955s ]
INFO: [ app_end ] --END-- [ RunTime:0.001092s ]

[ 2014-07-18T09:03:13+08:00 ] 127.0.0.1 /git/qujianshen/wwwroot/index.php?s=/Home/
SQL: SHOW COLUMNS FROM `onethink_category` [ RunTime:0.006477s ]
SQL: SELECT `id`,`name`,`title`,`pid`,`sort`,`list_row`,`meta_title`,`keywords`,`description`,`template_index`,`template_lists`,`template_detail`,`template_edit`,`model`,`type`,`link_id`,`allow_publish`,`display`,`reply`,`check`,`reply_model`,`extend`,`create_time`,`update_time`,`status`,`icon` FROM `onethink_category` WHERE ( `status` = 1 ) ORDER BY sort  [ RunTime:0.000634s ]
SQL: SHOW COLUMNS FROM `onethink_document` [ RunTime:0.006073s ]
SQL: SELECT `id`,`uid`,`name`,`title`,`category_id`,`description`,`root`,`pid`,`model_id`,`type`,`position`,`link_id`,`cover_id`,`display`,`deadline`,`attach`,`view`,`comment`,`extend`,`level`,`create_time`,`update_time`,`status` FROM `onethink_document` WHERE ( `status` = 1 ) AND ( `pid` = 0 ) AND ( `create_time` < 1405645393 ) AND ( deadline = 0 OR deadline > 1405645393 ) ORDER BY `id` DESC  [ RunTime:0.000460s ]
INFO: [ view_parse ] --START--
INFO: [ template_filter ] --START--
INFO: Run Behavior\ContentReplace [ RunTime:0.000200s ]
INFO: [ template_filter ] --END-- [ RunTime:0.000351s ]
INFO: [ pageHeader ] --START--
SQL: SHOW COLUMNS FROM `onethink_addons` [ RunTime:0.006176s ]
SQL: SELECT `config` FROM `onethink_addons` WHERE ( `name` = 'QuickLogin' ) AND ( `status` = 1 ) LIMIT 1   [ RunTime:0.000689s ]
INFO: Run QuickLogin [ RunTime:0.010559s ]
INFO: [ pageHeader ] --END-- [ RunTime:0.010703s ]
SQL: SELECT `id`,`name`,`title`,`pid`,`sort`,`list_row`,`meta_title`,`keywords`,`description`,`template_index`,`template_lists`,`template_detail`,`template_edit`,`model`,`type`,`link_id`,`allow_publish`,`display`,`reply`,`check`,`reply_model`,`extend`,`create_time`,`update_time`,`status`,`icon` FROM `onethink_category` WHERE ( `id` = 1 ) LIMIT 1   [ RunTime:0.000477s ]
SQL: SELECT `id`,`name`,`pid`,`title`,`link_id` FROM `onethink_category` WHERE ( `status` = 1 ) ORDER BY sort  [ RunTime:0.000333s ]
SQL: SELECT `id`,`uid`,`name`,`title`,`category_id`,`description`,`root`,`pid`,`model_id`,`type`,`position`,`link_id`,`cover_id`,`display`,`deadline`,`attach`,`view`,`comment`,`extend`,`level`,`create_time`,`update_time`,`status` FROM `onethink_document` WHERE ( `status` = 1 ) AND ( `pid` = 0 ) AND ( `category_id` = 2 ) AND ( `create_time` < 1405645393 ) AND ( deadline = 0 OR deadline > 1405645393 ) ORDER BY `level` DESC,`id` DESC LIMIT 0,10   [ RunTime:0.000629s ]
INFO: Run Behavior\ParseTemplate [ RunTime:0.039918s ]
INFO: [ view_parse ] --END-- [ RunTime:0.040052s ]
INFO: [ view_filter ] --START--
INFO: Run Behavior\WriteHtmlCache [ RunTime:0.000987s ]
INFO: [ view_filter ] --END-- [ RunTime:0.001119s ]
INFO: [ app_end ] --START--
INFO: Run Behavior\ShowPageTrace [ RunTime:0.000973s ]
INFO: [ app_end ] --END-- [ RunTime:0.001095s ]

[ 2014-07-18T09:05:42+08:00 ] 127.0.0.1 /git/qujianshen/wwwroot/index.php?s=/Admin/Addons/config/id/16.html
SQL: SHOW COLUMNS FROM `onethink_menu` [ RunTime:0.007155s ]
SQL: SELECT * FROM `onethink_menu` WHERE ( `pid` = 0 ) AND ( `hide` = 0 ) ORDER BY sort asc  [ RunTime:0.000623s ]
SQL: SELECT `id` FROM `onethink_menu` WHERE ( url like '%Addons/config%' ) LIMIT 1   [ RunTime:0.000300s ]
SQL: SHOW COLUMNS FROM `onethink_menu` [ RunTime:0.006964s ]
SQL: SELECT `id`,`pid`,`title` FROM `onethink_menu` WHERE ( id=49 ) LIMIT 1   [ RunTime:0.000395s ]
SQL: SELECT `id`,`pid`,`title` FROM `onethink_menu` WHERE ( id=44 ) LIMIT 1   [ RunTime:0.000328s ]
SQL: SELECT `id`,`pid`,`title` FROM `onethink_menu` WHERE ( id=43 ) LIMIT 1   [ RunTime:0.000382s ]
SQL: SELECT DISTINCT  `group` FROM `onethink_menu` WHERE ( pid = 43 )  [ RunTime:0.000607s ]
SQL: SELECT `id`,`url` FROM `onethink_menu` WHERE ( `pid` = 43 ) AND ( `hide` = 0 )  [ RunTime:0.000273s ]
SQL: SELECT `id`,`pid`,`title`,`url`,`tip` FROM `onethink_menu` WHERE ( `group` = '扩展' ) AND ( `pid` = 43 ) AND ( `hide` = 0 ) ORDER BY sort asc  [ RunTime:0.000307s ]
SQL: SHOW COLUMNS FROM `onethink_addons` [ RunTime:0.008012s ]
SQL: SELECT * FROM `onethink_addons` WHERE ( `id` = 16 ) LIMIT 1   [ RunTime:0.000431s ]
INFO: [ view_parse ] --START--
INFO: [ template_filter ] --START--
INFO: Run Behavior\ContentReplace [ RunTime:0.000337s ]
INFO: [ template_filter ] --END-- [ RunTime:0.000514s ]
INFO: Run Behavior\ParseTemplate [ RunTime:0.069368s ]
INFO: [ view_parse ] --END-- [ RunTime:0.069574s ]
INFO: [ view_filter ] --START--
INFO: Run Behavior\WriteHtmlCache [ RunTime:0.001080s ]
INFO: [ view_filter ] --END-- [ RunTime:0.001254s ]
INFO: [ app_end ] --START--
INFO: Run Behavior\ShowPageTrace [ RunTime:0.000922s ]
INFO: [ app_end ] --END-- [ RunTime:0.001057s ]

[ 2014-07-18T09:05:43+08:00 ] 127.0.0.1 /git/qujianshen/wwwroot/index.php?s=/Admin/Exercise/myexercise.html
SQL: SHOW COLUMNS FROM `onethink_menu` [ RunTime:0.006136s ]
SQL: SELECT * FROM `onethink_menu` WHERE ( `pid` = 0 ) AND ( `hide` = 0 ) ORDER BY sort asc  [ RunTime:0.000539s ]
SQL: SELECT `id` FROM `onethink_menu` WHERE ( url like '%Exercise/myexercise%' ) LIMIT 1   [ RunTime:0.000381s ]
SQL: SHOW COLUMNS FROM `onethink_menu` [ RunTime:0.006034s ]
SQL: SELECT `id`,`pid`,`title` FROM `onethink_menu` WHERE ( id=122 ) LIMIT 1   [ RunTime:0.000314s ]
SQL: SELECT DISTINCT  `group` FROM `onethink_menu` WHERE ( pid = 122 )  [ RunTime:0.000660s ]
SQL: SELECT `id`,`url` FROM `onethink_menu` WHERE ( `pid` = 122 ) AND ( `hide` = 0 )  [ RunTime:0.000375s ]
SQL: SELECT `id`,`pid`,`title`,`url`,`tip` FROM `onethink_menu` WHERE ( `group` = '健身' ) AND ( `pid` = 122 ) AND ( `hide` = 0 ) ORDER BY sort asc  [ RunTime:0.000386s ]
SQL: SELECT `id`,`pid`,`title`,`url`,`tip` FROM `onethink_menu` WHERE ( `group` = '类型维护' ) AND ( `pid` = 122 ) AND ( `hide` = 0 ) ORDER BY sort asc  [ RunTime:0.000659s ]
SQL: SELECT `id`,`pid`,`title`,`url`,`tip` FROM `onethink_menu` WHERE ( `group` = 'goal' ) AND ( `pid` = 122 ) AND ( `hide` = 0 ) ORDER BY sort asc  [ RunTime:0.000622s ]
SQL: SELECT `id`,`pid`,`title`,`url`,`tip` FROM `onethink_menu` WHERE ( `group` = 'memberexctpl' ) AND ( `pid` = 122 ) AND ( `hide` = 0 ) ORDER BY sort asc  [ RunTime:0.000397s ]
SQL: SHOW COLUMNS FROM `onethink_exercise` [ RunTime:0.006253s ]
NOTIC: [8] Undefined index: where D:\wamp\www\git\qujianshen\wwwroot\Application\Admin\Controller\AdminController.class.php 第 428 行.
SQL: SELECT COUNT(*) AS tp_count FROM `onethink_exercise` LIMIT 1   [ RunTime:0.013902s ]
SQL: SELECT `eid`,`ename`,`sex`,`rating`,`status` FROM `onethink_exercise` LIMIT 0,10   [ RunTime:0.012078s ]
INFO: [ view_parse ] --START--
INFO: [ template_filter ] --START--
INFO: Run Behavior\ContentReplace [ RunTime:0.000195s ]
INFO: [ template_filter ] --END-- [ RunTime:0.000337s ]
NOTIC: [8] Use of undefined constant Exercise - assumed 'Exercise' D:\wamp\www\git\qujianshen\wwwroot\Runtime\Cache\Admin\f720164ad0497dde3d9e265ce4d98deb.php 第 95 行.
NOTIC: [8] Use of undefined constant eid - assumed 'eid' D:\wamp\www\git\qujianshen\wwwroot\Runtime\Cache\Admin\f720164ad0497dde3d9e265ce4d98deb.php 第 95 行.
NOTIC: [8] Use of undefined constant Exercise - assumed 'Exercise' D:\wamp\www\git\qujianshen\wwwroot\Runtime\Cache\Admin\f720164ad0497dde3d9e265ce4d98deb.php 第 128 行.
NOTIC: [8] Use of undefined constant eid - assumed 'eid' D:\wamp\www\git\qujianshen\wwwroot\Runtime\Cache\Admin\f720164ad0497dde3d9e265ce4d98deb.php 第 128 行.
NOTIC: [8] Use of undefined constant 禁用 - assumed '禁用' D:\wamp\www\git\qujianshen\wwwroot\Runtime\Cache\Admin\f720164ad0497dde3d9e265ce4d98deb.php 第 129 行.
NOTIC: [8] Use of undefined constant Exercise - assumed 'Exercise' D:\wamp\www\git\qujianshen\wwwroot\Runtime\Cache\Admin\f720164ad0497dde3d9e265ce4d98deb.php 第 128 行.
NOTIC: [8] Use of undefined constant eid - assumed 'eid' D:\wamp\www\git\qujianshen\wwwroot\Runtime\Cache\Admin\f720164ad0497dde3d9e265ce4d98deb.php 第 128 行.
NOTIC: [8] Use of undefined constant 禁用 - assumed '禁用' D:\wamp\www\git\qujianshen\wwwroot\Runtime\Cache\Admin\f720164ad0497dde3d9e265ce4d98deb.php 第 129 行.
NOTIC: [8] Use of undefined constant Exercise - assumed 'Exercise' D:\wamp\www\git\qujianshen\wwwroot\Runtime\Cache\Admin\f720164ad0497dde3d9e265ce4d98deb.php 第 128 行.
NOTIC: [8] Use of undefined constant eid - assumed 'eid' D:\wamp\www\git\qujianshen\wwwroot\Runtime\Cache\Admin\f720164ad0497dde3d9e265ce4d98deb.php 第 128 行.
NOTIC: [8] Use of undefined constant 禁用 - assumed '禁用' D:\wamp\www\git\qujianshen\wwwroot\Runtime\Cache\Admin\f720164ad0497dde3d9e265ce4d98deb.php 第 129 行.
INFO: Run Behavior\ParseTemplate [ RunTime:0.037009s ]
INFO: [ view_parse ] --END-- [ RunTime:0.037146s ]
INFO: [ view_filter ] --START--
INFO: Run Behavior\WriteHtmlCache [ RunTime:0.000728s ]
INFO: [ view_filter ] --END-- [ RunTime:0.000847s ]
INFO: [ app_end ] --START--
INFO: Run Behavior\ShowPageTrace [ RunTime:0.000800s ]
INFO: [ app_end ] --END-- [ RunTime:0.000919s ]

