[ 2014-06-25T14:21:09+08:00 ] 127.0.0.1 /wwwroot/index.php
SQL: SHOW COLUMNS FROM `onethink_category` [ RunTime:0.006145s ]
SQL: SELECT `id`,`name`,`title`,`pid`,`sort`,`list_row`,`meta_title`,`keywords`,`description`,`template_index`,`template_lists`,`template_detail`,`template_edit`,`model`,`type`,`link_id`,`allow_publish`,`display`,`reply`,`check`,`reply_model`,`extend`,`create_time`,`update_time`,`status`,`icon` FROM `onethink_category` WHERE ( `status` = 1 ) ORDER BY sort  [ RunTime:0.000494s ]
SQL: SHOW COLUMNS FROM `onethink_document` [ RunTime:0.005767s ]
SQL: SELECT `id`,`uid`,`name`,`title`,`category_id`,`description`,`root`,`pid`,`model_id`,`type`,`position`,`link_id`,`cover_id`,`display`,`deadline`,`attach`,`view`,`comment`,`extend`,`level`,`create_time`,`update_time`,`status` FROM `onethink_document` WHERE ( `status` = 1 ) AND ( `pid` = 0 ) AND ( `create_time` < 1403677269 ) AND ( deadline = 0 OR deadline > 1403677269 ) ORDER BY `id` DESC  [ RunTime:0.000635s ]
INFO: [ view_parse ] --START--
INFO: [ template_filter ] --START--
INFO: Run Behavior\ContentReplace [ RunTime:0.000108s ]
INFO: [ template_filter ] --END-- [ RunTime:0.000209s ]
SQL: SHOW COLUMNS FROM `onethink_channel` [ RunTime:0.005343s ]
SQL: SELECT `id`,`pid`,`title`,`url`,`sort`,`create_time`,`update_time`,`status`,`target` FROM `onethink_channel` WHERE ( status=1 ) ORDER BY sort  [ RunTime:0.000591s ]
SQL: SELECT `id`,`name`,`title`,`pid`,`sort`,`list_row`,`meta_title`,`keywords`,`description`,`template_index`,`template_lists`,`template_detail`,`template_edit`,`model`,`type`,`link_id`,`allow_publish`,`display`,`reply`,`check`,`reply_model`,`extend`,`create_time`,`update_time`,`status`,`icon` FROM `onethink_category` WHERE ( `id` = 1 ) LIMIT 1   [ RunTime:0.000456s ]
SQL: SELECT `id`,`name`,`pid`,`title`,`link_id` FROM `onethink_category` WHERE ( `status` = 1 ) ORDER BY sort  [ RunTime:0.000272s ]
INFO: [ view_parse ] --START--
INFO: [ template_filter ] --START--
INFO: Run Behavior\ContentReplace [ RunTime:0.000059s ]
INFO: [ template_filter ] --END-- [ RunTime:-0.015646s ]
INFO: Run Behavior\ParseTemplate [ RunTime:0.004140s ]
INFO: [ view_parse ] --END-- [ RunTime:0.004236s ]
INFO: [ view_filter ] --START--
INFO: Run Behavior\WriteHtmlCache [ RunTime:0.000873s ]
INFO: [ view_filter ] --END-- [ RunTime:0.000958s ]
SQL: SELECT `id`,`name`,`title`,`pid`,`sort`,`list_row`,`meta_title`,`keywords`,`description`,`template_index`,`template_lists`,`template_detail`,`template_edit`,`model`,`type`,`link_id`,`allow_publish`,`display`,`reply`,`check`,`reply_model`,`extend`,`create_time`,`update_time`,`status`,`icon` FROM `onethink_category` WHERE ( `id` = 1 ) LIMIT 1   [ RunTime:0.000483s ]
SQL: SELECT `id`,`name`,`pid`,`title`,`link_id` FROM `onethink_category` WHERE ( `status` = 1 ) ORDER BY sort  [ RunTime:0.000315s ]
SQL: SELECT `id`,`uid`,`name`,`title`,`category_id`,`description`,`root`,`pid`,`model_id`,`type`,`position`,`link_id`,`cover_id`,`display`,`deadline`,`attach`,`view`,`comment`,`extend`,`level`,`create_time`,`update_time`,`status` FROM `onethink_document` WHERE ( `status` = 1 ) AND ( `pid` = 0 ) AND ( `category_id` = 2 ) AND ( `create_time` < 1403677269 ) AND ( deadline = 0 OR deadline > 1403677269 ) ORDER BY `level` DESC,`id` DESC LIMIT 0,10   [ RunTime:0.000403s ]
INFO: Run Behavior\ParseTemplate [ RunTime:0.009422s ]
INFO: [ view_parse ] --END-- [ RunTime:0.004236s ]
INFO: [ view_filter ] --START--
INFO: Run Behavior\WriteHtmlCache [ RunTime:0.000018s ]
INFO: [ view_filter ] --END-- [ RunTime:-0.004321s ]
INFO: [ app_end ] --START--
INFO: Run Behavior\ShowPageTrace [ RunTime:0.001062s ]
INFO: [ app_end ] --END-- [ RunTime:0.001151s ]

[ 2014-06-25T14:21:12+08:00 ] 127.0.0.1 /wwwroot/index.php?s=/Home/Exercise/exc.html
INFO: [ view_parse ] --START--
INFO: [ template_filter ] --START--
INFO: Run Behavior\ContentReplace [ RunTime:0.000400s ]
INFO: [ template_filter ] --END-- [ RunTime:0.000532s ]
SQL: SHOW COLUMNS FROM `onethink_channel` [ RunTime:0.005086s ]
SQL: SELECT `id`,`pid`,`title`,`url`,`sort`,`create_time`,`update_time`,`status`,`target` FROM `onethink_channel` WHERE ( status=1 ) ORDER BY sort  [ RunTime:0.000723s ]
SQL: SHOW COLUMNS FROM `onethink_category` [ RunTime:0.006584s ]
SQL: SELECT `id`,`name`,`title`,`pid`,`sort`,`list_row`,`meta_title`,`keywords`,`description`,`template_index`,`template_lists`,`template_detail`,`template_edit`,`model`,`type`,`link_id`,`allow_publish`,`display`,`reply`,`check`,`reply_model`,`extend`,`create_time`,`update_time`,`status`,`icon` FROM `onethink_category` WHERE ( `id` = 1 ) LIMIT 1   [ RunTime:0.000888s ]
SQL: SELECT `id`,`name`,`pid`,`title`,`link_id` FROM `onethink_category` WHERE ( `status` = 1 ) ORDER BY sort  [ RunTime:0.000527s ]
SQL: SHOW COLUMNS FROM `onethink_document` [ RunTime:0.005501s ]
SQL: SELECT `id`,`uid`,`name`,`title`,`category_id`,`description`,`root`,`pid`,`model_id`,`type`,`position`,`link_id`,`cover_id`,`display`,`deadline`,`attach`,`view`,`comment`,`extend`,`level`,`create_time`,`update_time`,`status` FROM `onethink_document` WHERE ( `status` = 1 ) AND ( `pid` = 0 ) AND ( `category_id` = 2 ) AND ( `create_time` < 1403677272 ) AND ( deadline = 0 OR deadline > 1403677272 ) ORDER BY `level` DESC,`id` DESC LIMIT 0,10   [ RunTime:0.000660s ]
INFO: Run Behavior\ParseTemplate [ RunTime:0.066784s ]
INFO: [ view_parse ] --END-- [ RunTime:0.067518s ]
INFO: [ view_filter ] --START--
INFO: Run Behavior\WriteHtmlCache [ RunTime:0.000621s ]
INFO: [ view_filter ] --END-- [ RunTime:0.000711s ]
INFO: [ app_end ] --START--
INFO: Run Behavior\ShowPageTrace [ RunTime:0.000770s ]
INFO: [ app_end ] --END-- [ RunTime:0.000895s ]

[ 2014-06-25T14:26:30+08:00 ] 127.0.0.1 /wwwroot/index.php?s=/Home/Index/index.html
SQL: SHOW COLUMNS FROM `onethink_category` [ RunTime:0.013481s ]
SQL: SELECT `id`,`name`,`title`,`pid`,`sort`,`list_row`,`meta_title`,`keywords`,`description`,`template_index`,`template_lists`,`template_detail`,`template_edit`,`model`,`type`,`link_id`,`allow_publish`,`display`,`reply`,`check`,`reply_model`,`extend`,`create_time`,`update_time`,`status`,`icon` FROM `onethink_category` WHERE ( `status` = 1 ) ORDER BY sort  [ RunTime:0.002004s ]
SQL: SHOW COLUMNS FROM `onethink_document` [ RunTime:0.013356s ]
SQL: SELECT `id`,`uid`,`name`,`title`,`category_id`,`description`,`root`,`pid`,`model_id`,`type`,`position`,`link_id`,`cover_id`,`display`,`deadline`,`attach`,`view`,`comment`,`extend`,`level`,`create_time`,`update_time`,`status` FROM `onethink_document` WHERE ( `status` = 1 ) AND ( `pid` = 0 ) AND ( `create_time` < 1403677589 ) AND ( deadline = 0 OR deadline > 1403677589 ) ORDER BY `id` DESC  [ RunTime:0.001828s ]
INFO: [ view_parse ] --START--
INFO: [ template_filter ] --START--
INFO: Run Behavior\ContentReplace [ RunTime:0.000441s ]
INFO: [ template_filter ] --END-- [ RunTime:0.000843s ]
SQL: SHOW COLUMNS FROM `onethink_channel` [ RunTime:0.013004s ]
SQL: SELECT `id`,`pid`,`title`,`url`,`sort`,`create_time`,`update_time`,`status`,`target` FROM `onethink_channel` WHERE ( status=1 ) ORDER BY sort  [ RunTime:0.001462s ]
SQL: SELECT `id`,`name`,`title`,`pid`,`sort`,`list_row`,`meta_title`,`keywords`,`description`,`template_index`,`template_lists`,`template_detail`,`template_edit`,`model`,`type`,`link_id`,`allow_publish`,`display`,`reply`,`check`,`reply_model`,`extend`,`create_time`,`update_time`,`status`,`icon` FROM `onethink_category` WHERE ( `id` = 1 ) LIMIT 1   [ RunTime:0.001864s ]
SQL: SELECT `id`,`name`,`pid`,`title`,`link_id` FROM `onethink_category` WHERE ( `status` = 1 ) ORDER BY sort  [ RunTime:0.001273s ]
INFO: [ view_parse ] --START--
INFO: [ template_filter ] --START--
INFO: Run Behavior\ContentReplace [ RunTime:0.000231s ]
INFO: [ template_filter ] --END-- [ RunTime:-0.052618s ]
INFO: Run Behavior\ParseTemplate [ RunTime:0.017439s ]
INFO: [ view_parse ] --END-- [ RunTime:0.017863s ]
INFO: [ view_filter ] --START--
INFO: Run Behavior\WriteHtmlCache [ RunTime:0.002198s ]
INFO: [ view_filter ] --END-- [ RunTime:0.002576s ]
SQL: SELECT `id`,`name`,`title`,`pid`,`sort`,`list_row`,`meta_title`,`keywords`,`description`,`template_index`,`template_lists`,`template_detail`,`template_edit`,`model`,`type`,`link_id`,`allow_publish`,`display`,`reply`,`check`,`reply_model`,`extend`,`create_time`,`update_time`,`status`,`icon` FROM `onethink_category` WHERE ( `id` = 1 ) LIMIT 1   [ RunTime:0.001738s ]
SQL: SELECT `id`,`name`,`pid`,`title`,`link_id` FROM `onethink_category` WHERE ( `status` = 1 ) ORDER BY sort  [ RunTime:0.001282s ]
SQL: SELECT `id`,`uid`,`name`,`title`,`category_id`,`description`,`root`,`pid`,`model_id`,`type`,`position`,`link_id`,`cover_id`,`display`,`deadline`,`attach`,`view`,`comment`,`extend`,`level`,`create_time`,`update_time`,`status` FROM `onethink_document` WHERE ( `status` = 1 ) AND ( `pid` = 0 ) AND ( `category_id` = 2 ) AND ( `create_time` < 1403677589 ) AND ( deadline = 0 OR deadline > 1403677589 ) ORDER BY `level` DESC,`id` DESC LIMIT 0,10   [ RunTime:0.001824s ]
INFO: Run Behavior\ParseTemplate [ RunTime:0.035910s ]
INFO: [ view_parse ] --END-- [ RunTime:0.017863s ]
INFO: [ view_filter ] --START--
INFO: Run Behavior\WriteHtmlCache [ RunTime:0.000079s ]
INFO: [ view_filter ] --END-- [ RunTime:-0.015775s ]
INFO: [ app_end ] --START--
INFO: Run Behavior\ShowPageTrace [ RunTime:0.003129s ]
INFO: [ app_end ] --END-- [ RunTime:0.003495s ]

[ 2014-06-25T16:37:46+08:00 ] 127.0.0.1 /wwwroot/index.php?s=/Home/Exercise/exc.html
INFO: [ view_parse ] --START--
INFO: [ template_filter ] --START--
INFO: Run Behavior\ContentReplace [ RunTime:0.000387s ]
INFO: [ template_filter ] --END-- [ RunTime:0.000500s ]
SQL: SHOW COLUMNS FROM `onethink_channel` [ RunTime:0.004061s ]
SQL: SELECT `id`,`pid`,`title`,`url`,`sort`,`create_time`,`update_time`,`status`,`target` FROM `onethink_channel` WHERE ( status=1 ) ORDER BY sort  [ RunTime:0.000420s ]
SQL: SHOW COLUMNS FROM `onethink_category` [ RunTime:0.004347s ]
SQL: SELECT `id`,`name`,`title`,`pid`,`sort`,`list_row`,`meta_title`,`keywords`,`description`,`template_index`,`template_lists`,`template_detail`,`template_edit`,`model`,`type`,`link_id`,`allow_publish`,`display`,`reply`,`check`,`reply_model`,`extend`,`create_time`,`update_time`,`status`,`icon` FROM `onethink_category` WHERE ( `id` = 1 ) LIMIT 1   [ RunTime:0.000510s ]
SQL: SELECT `id`,`name`,`pid`,`title`,`link_id` FROM `onethink_category` WHERE ( `status` = 1 ) ORDER BY sort  [ RunTime:0.000334s ]
SQL: SHOW COLUMNS FROM `onethink_document` [ RunTime:0.004129s ]
SQL: SELECT `id`,`uid`,`name`,`title`,`category_id`,`description`,`root`,`pid`,`model_id`,`type`,`position`,`link_id`,`cover_id`,`display`,`deadline`,`attach`,`view`,`comment`,`extend`,`level`,`create_time`,`update_time`,`status` FROM `onethink_document` WHERE ( `status` = 1 ) AND ( `pid` = 0 ) AND ( `category_id` = 2 ) AND ( `create_time` < 1403685466 ) AND ( deadline = 0 OR deadline > 1403685466 ) ORDER BY `level` DESC,`id` DESC LIMIT 0,10   [ RunTime:0.000502s ]
INFO: Run Behavior\ParseTemplate [ RunTime:0.043761s ]
INFO: [ view_parse ] --END-- [ RunTime:0.044233s ]
INFO: [ view_filter ] --START--
INFO: Run Behavior\WriteHtmlCache [ RunTime:0.000556s ]
INFO: [ view_filter ] --END-- [ RunTime:0.000645s ]
INFO: [ app_end ] --START--
INFO: Run Behavior\ShowPageTrace [ RunTime:0.000698s ]
INFO: [ app_end ] --END-- [ RunTime:0.000787s ]

[ 2014-06-25T16:56:58+08:00 ] 127.0.0.1 /wwwroot/index.php?s=/Home/Index/index.html
SQL: SHOW COLUMNS FROM `onethink_category` [ RunTime:0.012909s ]
SQL: SELECT `id`,`name`,`title`,`pid`,`sort`,`list_row`,`meta_title`,`keywords`,`description`,`template_index`,`template_lists`,`template_detail`,`template_edit`,`model`,`type`,`link_id`,`allow_publish`,`display`,`reply`,`check`,`reply_model`,`extend`,`create_time`,`update_time`,`status`,`icon` FROM `onethink_category` WHERE ( `status` = 1 ) ORDER BY sort  [ RunTime:0.002008s ]
SQL: SHOW COLUMNS FROM `onethink_document` [ RunTime:0.013368s ]
SQL: SELECT `id`,`uid`,`name`,`title`,`category_id`,`description`,`root`,`pid`,`model_id`,`type`,`position`,`link_id`,`cover_id`,`display`,`deadline`,`attach`,`view`,`comment`,`extend`,`level`,`create_time`,`update_time`,`status` FROM `onethink_document` WHERE ( `status` = 1 ) AND ( `pid` = 0 ) AND ( `create_time` < 1403686617 ) AND ( deadline = 0 OR deadline > 1403686617 ) ORDER BY `id` DESC  [ RunTime:0.002022s ]
INFO: [ view_parse ] --START--
INFO: [ template_filter ] --START--
INFO: Run Behavior\ContentReplace [ RunTime:0.000445s ]
INFO: [ template_filter ] --END-- [ RunTime:0.000875s ]
SQL: SHOW COLUMNS FROM `onethink_channel` [ RunTime:0.011885s ]
SQL: SELECT `id`,`pid`,`title`,`url`,`sort`,`create_time`,`update_time`,`status`,`target` FROM `onethink_channel` WHERE ( status=1 ) ORDER BY sort  [ RunTime:0.001460s ]
SQL: SELECT `id`,`name`,`title`,`pid`,`sort`,`list_row`,`meta_title`,`keywords`,`description`,`template_index`,`template_lists`,`template_detail`,`template_edit`,`model`,`type`,`link_id`,`allow_publish`,`display`,`reply`,`check`,`reply_model`,`extend`,`create_time`,`update_time`,`status`,`icon` FROM `onethink_category` WHERE ( `id` = 1 ) LIMIT 1   [ RunTime:0.001958s ]
SQL: SELECT `id`,`name`,`pid`,`title`,`link_id` FROM `onethink_category` WHERE ( `status` = 1 ) ORDER BY sort  [ RunTime:0.001294s ]
INFO: [ view_parse ] --START--
INFO: [ template_filter ] --START--
INFO: Run Behavior\ContentReplace [ RunTime:0.000249s ]
INFO: [ template_filter ] --END-- [ RunTime:-0.051681s ]
INFO: Run Behavior\ParseTemplate [ RunTime:0.017147s ]
INFO: [ view_parse ] --END-- [ RunTime:0.017553s ]
INFO: [ view_filter ] --START--
INFO: Run Behavior\WriteHtmlCache [ RunTime:0.002331s ]
INFO: [ view_filter ] --END-- [ RunTime:0.002735s ]
SQL: SELECT `id`,`name`,`title`,`pid`,`sort`,`list_row`,`meta_title`,`keywords`,`description`,`template_index`,`template_lists`,`template_detail`,`template_edit`,`model`,`type`,`link_id`,`allow_publish`,`display`,`reply`,`check`,`reply_model`,`extend`,`create_time`,`update_time`,`status`,`icon` FROM `onethink_category` WHERE ( `id` = 1 ) LIMIT 1   [ RunTime:0.001739s ]
SQL: SELECT `id`,`name`,`pid`,`title`,`link_id` FROM `onethink_category` WHERE ( `status` = 1 ) ORDER BY sort  [ RunTime:0.001239s ]
SQL: SELECT `id`,`uid`,`name`,`title`,`category_id`,`description`,`root`,`pid`,`model_id`,`type`,`position`,`link_id`,`cover_id`,`display`,`deadline`,`attach`,`view`,`comment`,`extend`,`level`,`create_time`,`update_time`,`status` FROM `onethink_document` WHERE ( `status` = 1 ) AND ( `pid` = 0 ) AND ( `category_id` = 2 ) AND ( `create_time` < 1403686617 ) AND ( deadline = 0 OR deadline > 1403686617 ) ORDER BY `level` DESC,`id` DESC LIMIT 0,10   [ RunTime:0.001683s ]
INFO: Run Behavior\ParseTemplate [ RunTime:0.035298s ]
INFO: [ view_parse ] --END-- [ RunTime:0.017553s ]
INFO: [ view_filter ] --START--
INFO: Run Behavior\WriteHtmlCache [ RunTime:0.000079s ]
INFO: [ view_filter ] --END-- [ RunTime:-0.015487s ]
INFO: [ app_end ] --START--
INFO: Run Behavior\ShowPageTrace [ RunTime:0.003026s ]
INFO: [ app_end ] --END-- [ RunTime:0.003429s ]

[ 2014-06-25T16:57:02+08:00 ] 127.0.0.1 /wwwroot/index.php?s=/Home/Exercise/exc.html
INFO: [ view_parse ] --START--
INFO: [ template_filter ] --START--
INFO: Run Behavior\ContentReplace [ RunTime:0.001641s ]
INFO: [ template_filter ] --END-- [ RunTime:0.002066s ]
SQL: SHOW COLUMNS FROM `onethink_channel` [ RunTime:0.012179s ]
SQL: SELECT `id`,`pid`,`title`,`url`,`sort`,`create_time`,`update_time`,`status`,`target` FROM `onethink_channel` WHERE ( status=1 ) ORDER BY sort  [ RunTime:0.001558s ]
SQL: SHOW COLUMNS FROM `onethink_category` [ RunTime:0.013337s ]
SQL: SELECT `id`,`name`,`title`,`pid`,`sort`,`list_row`,`meta_title`,`keywords`,`description`,`template_index`,`template_lists`,`template_detail`,`template_edit`,`model`,`type`,`link_id`,`allow_publish`,`display`,`reply`,`check`,`reply_model`,`extend`,`create_time`,`update_time`,`status`,`icon` FROM `onethink_category` WHERE ( `id` = 1 ) LIMIT 1   [ RunTime:0.001896s ]
SQL: SELECT `id`,`name`,`pid`,`title`,`link_id` FROM `onethink_category` WHERE ( `status` = 1 ) ORDER BY sort  [ RunTime:0.001570s ]
SQL: SHOW COLUMNS FROM `onethink_document` [ RunTime:0.012776s ]
SQL: SELECT `id`,`uid`,`name`,`title`,`category_id`,`description`,`root`,`pid`,`model_id`,`type`,`position`,`link_id`,`cover_id`,`display`,`deadline`,`attach`,`view`,`comment`,`extend`,`level`,`create_time`,`update_time`,`status` FROM `onethink_document` WHERE ( `status` = 1 ) AND ( `pid` = 0 ) AND ( `category_id` = 2 ) AND ( `create_time` < 1403686622 ) AND ( deadline = 0 OR deadline > 1403686622 ) ORDER BY `level` DESC,`id` DESC LIMIT 0,10   [ RunTime:0.001902s ]
INFO: Run Behavior\ParseTemplate [ RunTime:0.166415s ]
INFO: [ view_parse ] --END-- [ RunTime:0.168102s ]
INFO: [ view_filter ] --START--
INFO: Run Behavior\WriteHtmlCache [ RunTime:0.002376s ]
INFO: [ view_filter ] --END-- [ RunTime:0.002776s ]
INFO: [ app_end ] --START--
INFO: Run Behavior\ShowPageTrace [ RunTime:0.003228s ]
INFO: [ app_end ] --END-- [ RunTime:0.003644s ]

[ 2014-06-25T17:06:25+08:00 ] 127.0.0.1 /wwwroot/index.php?s=/Home/Exercise/exc.html
INFO: [ view_parse ] --START--
INFO: [ template_filter ] --START--
INFO: Run Behavior\ContentReplace [ RunTime:0.001652s ]
INFO: [ template_filter ] --END-- [ RunTime:0.002102s ]
SQL: SHOW COLUMNS FROM `onethink_channel` [ RunTime:0.012045s ]
SQL: SELECT `id`,`pid`,`title`,`url`,`sort`,`create_time`,`update_time`,`status`,`target` FROM `onethink_channel` WHERE ( status=1 ) ORDER BY sort  [ RunTime:0.001536s ]
SQL: SHOW COLUMNS FROM `onethink_category` [ RunTime:0.012788s ]
SQL: SELECT `id`,`name`,`title`,`pid`,`sort`,`list_row`,`meta_title`,`keywords`,`description`,`template_index`,`template_lists`,`template_detail`,`template_edit`,`model`,`type`,`link_id`,`allow_publish`,`display`,`reply`,`check`,`reply_model`,`extend`,`create_time`,`update_time`,`status`,`icon` FROM `onethink_category` WHERE ( `id` = 1 ) LIMIT 1   [ RunTime:0.001858s ]
SQL: SELECT `id`,`name`,`pid`,`title`,`link_id` FROM `onethink_category` WHERE ( `status` = 1 ) ORDER BY sort  [ RunTime:0.001465s ]
SQL: SHOW COLUMNS FROM `onethink_document` [ RunTime:0.012887s ]
SQL: SELECT `id`,`uid`,`name`,`title`,`category_id`,`description`,`root`,`pid`,`model_id`,`type`,`position`,`link_id`,`cover_id`,`display`,`deadline`,`attach`,`view`,`comment`,`extend`,`level`,`create_time`,`update_time`,`status` FROM `onethink_document` WHERE ( `status` = 1 ) AND ( `pid` = 0 ) AND ( `category_id` = 2 ) AND ( `create_time` < 1403687185 ) AND ( deadline = 0 OR deadline > 1403687185 ) ORDER BY `level` DESC,`id` DESC LIMIT 0,10   [ RunTime:0.001861s ]
INFO: Run Behavior\ParseTemplate [ RunTime:0.166390s ]
INFO: [ view_parse ] --END-- [ RunTime:0.168075s ]
INFO: [ view_filter ] --START--
INFO: Run Behavior\WriteHtmlCache [ RunTime:0.002082s ]
INFO: [ view_filter ] --END-- [ RunTime:0.002454s ]
INFO: [ app_end ] --START--
INFO: Run Behavior\ShowPageTrace [ RunTime:0.003027s ]
INFO: [ app_end ] --END-- [ RunTime:0.003424s ]

[ 2014-06-25T17:06:36+08:00 ] 127.0.0.1 /wwwroot/index.php?s=/Home/Exercise/exc.html
INFO: [ view_parse ] --START--
INFO: [ template_filter ] --START--
INFO: Run Behavior\ContentReplace [ RunTime:0.001275s ]
INFO: [ template_filter ] --END-- [ RunTime:0.001618s ]
SQL: SHOW COLUMNS FROM `onethink_channel` [ RunTime:0.009819s ]
SQL: SELECT `id`,`pid`,`title`,`url`,`sort`,`create_time`,`update_time`,`status`,`target` FROM `onethink_channel` WHERE ( status=1 ) ORDER BY sort  [ RunTime:0.001083s ]
SQL: SHOW COLUMNS FROM `onethink_category` [ RunTime:0.010747s ]
SQL: SELECT `id`,`name`,`title`,`pid`,`sort`,`list_row`,`meta_title`,`keywords`,`description`,`template_index`,`template_lists`,`template_detail`,`template_edit`,`model`,`type`,`link_id`,`allow_publish`,`display`,`reply`,`check`,`reply_model`,`extend`,`create_time`,`update_time`,`status`,`icon` FROM `onethink_category` WHERE ( `id` = 1 ) LIMIT 1   [ RunTime:0.001365s ]
SQL: SELECT `id`,`name`,`pid`,`title`,`link_id` FROM `onethink_category` WHERE ( `status` = 1 ) ORDER BY sort  [ RunTime:0.001070s ]
SQL: SHOW COLUMNS FROM `onethink_document` [ RunTime:0.009444s ]
SQL: SELECT `id`,`uid`,`name`,`title`,`category_id`,`description`,`root`,`pid`,`model_id`,`type`,`position`,`link_id`,`cover_id`,`display`,`deadline`,`attach`,`view`,`comment`,`extend`,`level`,`create_time`,`update_time`,`status` FROM `onethink_document` WHERE ( `status` = 1 ) AND ( `pid` = 0 ) AND ( `category_id` = 2 ) AND ( `create_time` < 1403687195 ) AND ( deadline = 0 OR deadline > 1403687195 ) ORDER BY `level` DESC,`id` DESC LIMIT 0,10   [ RunTime:0.001419s ]
INFO: Run Behavior\ParseTemplate [ RunTime:0.125497s ]
INFO: [ view_parse ] --END-- [ RunTime:0.126763s ]
INFO: [ view_filter ] --START--
INFO: Run Behavior\WriteHtmlCache [ RunTime:0.001472s ]
INFO: [ view_filter ] --END-- [ RunTime:0.001768s ]
INFO: [ app_end ] --START--
INFO: Run Behavior\ShowPageTrace [ RunTime:0.001934s ]
INFO: [ app_end ] --END-- [ RunTime:0.002211s ]

[ 2014-06-25T17:23:26+08:00 ] 127.0.0.1 /wwwroot/index.php?s=/Home/Exercise/exc.html
INFO: [ view_parse ] --START--
INFO: [ template_filter ] --START--
INFO: Run Behavior\ContentReplace [ RunTime:0.002003s ]
INFO: [ template_filter ] --END-- [ RunTime:0.002513s ]
SQL: SHOW COLUMNS FROM `onethink_channel` [ RunTime:0.018002s ]
SQL: SELECT `id`,`pid`,`title`,`url`,`sort`,`create_time`,`update_time`,`status`,`target` FROM `onethink_channel` WHERE ( status=1 ) ORDER BY sort  [ RunTime:0.001492s ]
SQL: SHOW COLUMNS FROM `onethink_category` [ RunTime:0.017616s ]
SQL: SELECT `id`,`name`,`title`,`pid`,`sort`,`list_row`,`meta_title`,`keywords`,`description`,`template_index`,`template_lists`,`template_detail`,`template_edit`,`model`,`type`,`link_id`,`allow_publish`,`display`,`reply`,`check`,`reply_model`,`extend`,`create_time`,`update_time`,`status`,`icon` FROM `onethink_category` WHERE ( `id` = 1 ) LIMIT 1   [ RunTime:0.002040s ]
SQL: SELECT `id`,`name`,`pid`,`title`,`link_id` FROM `onethink_category` WHERE ( `status` = 1 ) ORDER BY sort  [ RunTime:0.001280s ]
SQL: SHOW COLUMNS FROM `onethink_document` [ RunTime:0.016463s ]
SQL: SELECT `id`,`uid`,`name`,`title`,`category_id`,`description`,`root`,`pid`,`model_id`,`type`,`position`,`link_id`,`cover_id`,`display`,`deadline`,`attach`,`view`,`comment`,`extend`,`level`,`create_time`,`update_time`,`status` FROM `onethink_document` WHERE ( `status` = 1 ) AND ( `pid` = 0 ) AND ( `category_id` = 2 ) AND ( `create_time` < 1403688206 ) AND ( deadline = 0 OR deadline > 1403688206 ) ORDER BY `level` DESC,`id` DESC LIMIT 0,10   [ RunTime:0.001747s ]
INFO: Run Behavior\ParseTemplate [ RunTime:0.199115s ]
INFO: [ view_parse ] --END-- [ RunTime:0.201132s ]
INFO: [ view_filter ] --START--
INFO: Run Behavior\WriteHtmlCache [ RunTime:0.002561s ]
INFO: [ view_filter ] --END-- [ RunTime:0.003034s ]
INFO: [ app_end ] --START--
INFO: Run Behavior\ShowPageTrace [ RunTime:0.003309s ]
INFO: [ app_end ] --END-- [ RunTime:0.003748s ]

[ 2014-06-25T17:23:30+08:00 ] 127.0.0.1 /wwwroot/index.php?s=/Home/Exercise/exc.html
INFO: [ view_parse ] --START--
INFO: [ template_filter ] --START--
INFO: Run Behavior\ContentReplace [ RunTime:0.001704s ]
INFO: [ template_filter ] --END-- [ RunTime:0.002130s ]
SQL: SHOW COLUMNS FROM `onethink_channel` [ RunTime:0.011824s ]
SQL: SELECT `id`,`pid`,`title`,`url`,`sort`,`create_time`,`update_time`,`status`,`target` FROM `onethink_channel` WHERE ( status=1 ) ORDER BY sort  [ RunTime:0.001451s ]
SQL: SHOW COLUMNS FROM `onethink_category` [ RunTime:0.013366s ]
SQL: SELECT `id`,`name`,`title`,`pid`,`sort`,`list_row`,`meta_title`,`keywords`,`description`,`template_index`,`template_lists`,`template_detail`,`template_edit`,`model`,`type`,`link_id`,`allow_publish`,`display`,`reply`,`check`,`reply_model`,`extend`,`create_time`,`update_time`,`status`,`icon` FROM `onethink_category` WHERE ( `id` = 1 ) LIMIT 1   [ RunTime:0.001790s ]
SQL: SELECT `id`,`name`,`pid`,`title`,`link_id` FROM `onethink_category` WHERE ( `status` = 1 ) ORDER BY sort  [ RunTime:0.001398s ]
SQL: SHOW COLUMNS FROM `onethink_document` [ RunTime:0.013515s ]
SQL: SELECT `id`,`uid`,`name`,`title`,`category_id`,`description`,`root`,`pid`,`model_id`,`type`,`position`,`link_id`,`cover_id`,`display`,`deadline`,`attach`,`view`,`comment`,`extend`,`level`,`create_time`,`update_time`,`status` FROM `onethink_document` WHERE ( `status` = 1 ) AND ( `pid` = 0 ) AND ( `category_id` = 2 ) AND ( `create_time` < 1403688210 ) AND ( deadline = 0 OR deadline > 1403688210 ) ORDER BY `level` DESC,`id` DESC LIMIT 0,10   [ RunTime:0.001933s ]
INFO: Run Behavior\ParseTemplate [ RunTime:0.171923s ]
INFO: [ view_parse ] --END-- [ RunTime:0.173752s ]
INFO: [ view_filter ] --START--
INFO: Run Behavior\WriteHtmlCache [ RunTime:0.002334s ]
INFO: [ view_filter ] --END-- [ RunTime:0.002719s ]
INFO: [ app_end ] --START--
INFO: Run Behavior\ShowPageTrace [ RunTime:0.003103s ]
INFO: [ app_end ] --END-- [ RunTime:0.003505s ]

[ 2014-06-25T17:23:38+08:00 ] 127.0.0.1 /wwwroot/index.php?s=/Home/Exercise/exc.html
INFO: [ view_parse ] --START--
INFO: [ template_filter ] --START--
INFO: Run Behavior\ContentReplace [ RunTime:0.001625s ]
INFO: [ template_filter ] --END-- [ RunTime:0.002086s ]
SQL: SHOW COLUMNS FROM `onethink_channel` [ RunTime:0.010727s ]
SQL: SELECT `id`,`pid`,`title`,`url`,`sort`,`create_time`,`update_time`,`status`,`target` FROM `onethink_channel` WHERE ( status=1 ) ORDER BY sort  [ RunTime:0.001022s ]
SQL: SHOW COLUMNS FROM `onethink_category` [ RunTime:0.011924s ]
SQL: SELECT `id`,`name`,`title`,`pid`,`sort`,`list_row`,`meta_title`,`keywords`,`description`,`template_index`,`template_lists`,`template_detail`,`template_edit`,`model`,`type`,`link_id`,`allow_publish`,`display`,`reply`,`check`,`reply_model`,`extend`,`create_time`,`update_time`,`status`,`icon` FROM `onethink_category` WHERE ( `id` = 1 ) LIMIT 1   [ RunTime:0.001513s ]
SQL: SELECT `id`,`name`,`pid`,`title`,`link_id` FROM `onethink_category` WHERE ( `status` = 1 ) ORDER BY sort  [ RunTime:0.001053s ]
SQL: SHOW COLUMNS FROM `onethink_document` [ RunTime:0.010978s ]
SQL: SELECT `id`,`uid`,`name`,`title`,`category_id`,`description`,`root`,`pid`,`model_id`,`type`,`position`,`link_id`,`cover_id`,`display`,`deadline`,`attach`,`view`,`comment`,`extend`,`level`,`create_time`,`update_time`,`status` FROM `onethink_document` WHERE ( `status` = 1 ) AND ( `pid` = 0 ) AND ( `category_id` = 2 ) AND ( `create_time` < 1403688218 ) AND ( deadline = 0 OR deadline > 1403688218 ) ORDER BY `level` DESC,`id` DESC LIMIT 0,10   [ RunTime:0.001269s ]
INFO: Run Behavior\ParseTemplate [ RunTime:0.158666s ]
INFO: [ view_parse ] --END-- [ RunTime:0.160241s ]
INFO: [ view_filter ] --START--
INFO: Run Behavior\WriteHtmlCache [ RunTime:0.001872s ]
INFO: [ view_filter ] --END-- [ RunTime:0.002172s ]
INFO: [ app_end ] --START--
INFO: Run Behavior\ShowPageTrace [ RunTime:0.002479s ]
INFO: [ app_end ] --END-- [ RunTime:0.002874s ]

[ 2014-06-25T17:23:53+08:00 ] 127.0.0.1 /wwwroot/index.php?s=/Home/Exercise/exc.html
INFO: [ view_parse ] --START--
INFO: [ template_filter ] --START--
INFO: Run Behavior\ContentReplace [ RunTime:0.001293s ]
INFO: [ template_filter ] --END-- [ RunTime:0.001644s ]
SQL: SHOW COLUMNS FROM `onethink_channel` [ RunTime:0.008996s ]
SQL: SELECT `id`,`pid`,`title`,`url`,`sort`,`create_time`,`update_time`,`status`,`target` FROM `onethink_channel` WHERE ( status=1 ) ORDER BY sort  [ RunTime:0.001051s ]
SQL: SHOW COLUMNS FROM `onethink_category` [ RunTime:0.010247s ]
SQL: SELECT `id`,`name`,`title`,`pid`,`sort`,`list_row`,`meta_title`,`keywords`,`description`,`template_index`,`template_lists`,`template_detail`,`template_edit`,`model`,`type`,`link_id`,`allow_publish`,`display`,`reply`,`check`,`reply_model`,`extend`,`create_time`,`update_time`,`status`,`icon` FROM `onethink_category` WHERE ( `id` = 1 ) LIMIT 1   [ RunTime:0.001249s ]
SQL: SELECT `id`,`name`,`pid`,`title`,`link_id` FROM `onethink_category` WHERE ( `status` = 1 ) ORDER BY sort  [ RunTime:0.001018s ]
SQL: SHOW COLUMNS FROM `onethink_document` [ RunTime:0.009947s ]
SQL: SELECT `id`,`uid`,`name`,`title`,`category_id`,`description`,`root`,`pid`,`model_id`,`type`,`position`,`link_id`,`cover_id`,`display`,`deadline`,`attach`,`view`,`comment`,`extend`,`level`,`create_time`,`update_time`,`status` FROM `onethink_document` WHERE ( `status` = 1 ) AND ( `pid` = 0 ) AND ( `category_id` = 2 ) AND ( `create_time` < 1403688233 ) AND ( deadline = 0 OR deadline > 1403688233 ) ORDER BY `level` DESC,`id` DESC LIMIT 0,10   [ RunTime:0.001485s ]
INFO: Run Behavior\ParseTemplate [ RunTime:0.125591s ]
INFO: [ view_parse ] --END-- [ RunTime:0.126940s ]
INFO: [ view_filter ] --START--
INFO: Run Behavior\WriteHtmlCache [ RunTime:0.001690s ]
INFO: [ view_filter ] --END-- [ RunTime:0.001958s ]
INFO: [ app_end ] --START--
INFO: Run Behavior\ShowPageTrace [ RunTime:0.002103s ]
INFO: [ app_end ] --END-- [ RunTime:0.002402s ]

[ 2014-06-25T17:24:06+08:00 ] 127.0.0.1 /wwwroot/index.php?s=/Home/Exercise/exc.html
INFO: [ view_parse ] --START--
INFO: [ template_filter ] --START--
INFO: Run Behavior\ContentReplace [ RunTime:0.001858s ]
INFO: [ template_filter ] --END-- [ RunTime:0.002398s ]
SQL: SHOW COLUMNS FROM `onethink_channel` [ RunTime:0.011990s ]
SQL: SELECT `id`,`pid`,`title`,`url`,`sort`,`create_time`,`update_time`,`status`,`target` FROM `onethink_channel` WHERE ( status=1 ) ORDER BY sort  [ RunTime:0.001434s ]
SQL: SHOW COLUMNS FROM `onethink_category` [ RunTime:0.013005s ]
SQL: SELECT `id`,`name`,`title`,`pid`,`sort`,`list_row`,`meta_title`,`keywords`,`description`,`template_index`,`template_lists`,`template_detail`,`template_edit`,`model`,`type`,`link_id`,`allow_publish`,`display`,`reply`,`check`,`reply_model`,`extend`,`create_time`,`update_time`,`status`,`icon` FROM `onethink_category` WHERE ( `id` = 1 ) LIMIT 1   [ RunTime:0.001843s ]
SQL: SELECT `id`,`name`,`pid`,`title`,`link_id` FROM `onethink_category` WHERE ( `status` = 1 ) ORDER BY sort  [ RunTime:0.001384s ]
SQL: SHOW COLUMNS FROM `onethink_document` [ RunTime:0.013198s ]
SQL: SELECT `id`,`uid`,`name`,`title`,`category_id`,`description`,`root`,`pid`,`model_id`,`type`,`position`,`link_id`,`cover_id`,`display`,`deadline`,`attach`,`view`,`comment`,`extend`,`level`,`create_time`,`update_time`,`status` FROM `onethink_document` WHERE ( `status` = 1 ) AND ( `pid` = 0 ) AND ( `category_id` = 2 ) AND ( `create_time` < 1403688246 ) AND ( deadline = 0 OR deadline > 1403688246 ) ORDER BY `level` DESC,`id` DESC LIMIT 0,10   [ RunTime:0.002000s ]
INFO: Run Behavior\ParseTemplate [ RunTime:0.167243s ]
INFO: [ view_parse ] --END-- [ RunTime:0.168949s ]
INFO: [ view_filter ] --START--
INFO: Run Behavior\WriteHtmlCache [ RunTime:0.002224s ]
INFO: [ view_filter ] --END-- [ RunTime:0.002583s ]
INFO: [ app_end ] --START--
INFO: Run Behavior\ShowPageTrace [ RunTime:0.003010s ]
INFO: [ app_end ] --END-- [ RunTime:0.003401s ]

[ 2014-06-25T17:24:16+08:00 ] 127.0.0.1 /wwwroot/index.php?s=/Home/Exercise/exc.html
INFO: [ view_parse ] --START--
INFO: [ template_filter ] --START--
INFO: Run Behavior\ContentReplace [ RunTime:0.001930s ]
INFO: [ template_filter ] --END-- [ RunTime:0.002368s ]
SQL: SHOW COLUMNS FROM `onethink_channel` [ RunTime:0.012479s ]
SQL: SELECT `id`,`pid`,`title`,`url`,`sort`,`create_time`,`update_time`,`status`,`target` FROM `onethink_channel` WHERE ( status=1 ) ORDER BY sort  [ RunTime:0.001447s ]
SQL: SHOW COLUMNS FROM `onethink_category` [ RunTime:0.013247s ]
SQL: SELECT `id`,`name`,`title`,`pid`,`sort`,`list_row`,`meta_title`,`keywords`,`description`,`template_index`,`template_lists`,`template_detail`,`template_edit`,`model`,`type`,`link_id`,`allow_publish`,`display`,`reply`,`check`,`reply_model`,`extend`,`create_time`,`update_time`,`status`,`icon` FROM `onethink_category` WHERE ( `id` = 1 ) LIMIT 1   [ RunTime:0.001802s ]
SQL: SELECT `id`,`name`,`pid`,`title`,`link_id` FROM `onethink_category` WHERE ( `status` = 1 ) ORDER BY sort  [ RunTime:0.001433s ]
SQL: SHOW COLUMNS FROM `onethink_document` [ RunTime:0.012931s ]
SQL: SELECT `id`,`uid`,`name`,`title`,`category_id`,`description`,`root`,`pid`,`model_id`,`type`,`position`,`link_id`,`cover_id`,`display`,`deadline`,`attach`,`view`,`comment`,`extend`,`level`,`create_time`,`update_time`,`status` FROM `onethink_document` WHERE ( `status` = 1 ) AND ( `pid` = 0 ) AND ( `category_id` = 2 ) AND ( `create_time` < 1403688255 ) AND ( deadline = 0 OR deadline > 1403688255 ) ORDER BY `level` DESC,`id` DESC LIMIT 0,10   [ RunTime:0.001958s ]
INFO: Run Behavior\ParseTemplate [ RunTime:0.167181s ]
INFO: [ view_parse ] --END-- [ RunTime:0.168909s ]
INFO: [ view_filter ] --START--
INFO: Run Behavior\WriteHtmlCache [ RunTime:0.002278s ]
INFO: [ view_filter ] --END-- [ RunTime:0.002642s ]
INFO: [ app_end ] --START--
INFO: Run Behavior\ShowPageTrace [ RunTime:0.003089s ]
INFO: [ app_end ] --END-- [ RunTime:0.003470s ]

[ 2014-06-25T17:27:06+08:00 ] 127.0.0.1 /wwwroot/index.php?s=/Home/Exercise/exc.html
INFO: [ view_parse ] --START--
INFO: [ template_filter ] --START--
INFO: Run Behavior\ContentReplace [ RunTime:0.001659s ]
INFO: [ template_filter ] --END-- [ RunTime:0.002372s ]
SQL: SHOW COLUMNS FROM `onethink_channel` [ RunTime:0.012133s ]
SQL: SELECT `id`,`pid`,`title`,`url`,`sort`,`create_time`,`update_time`,`status`,`target` FROM `onethink_channel` WHERE ( status=1 ) ORDER BY sort  [ RunTime:0.001445s ]
SQL: SHOW COLUMNS FROM `onethink_category` [ RunTime:0.013050s ]
SQL: SELECT `id`,`name`,`title`,`pid`,`sort`,`list_row`,`meta_title`,`keywords`,`description`,`template_index`,`template_lists`,`template_detail`,`template_edit`,`model`,`type`,`link_id`,`allow_publish`,`display`,`reply`,`check`,`reply_model`,`extend`,`create_time`,`update_time`,`status`,`icon` FROM `onethink_category` WHERE ( `id` = 1 ) LIMIT 1   [ RunTime:0.001747s ]
SQL: SELECT `id`,`name`,`pid`,`title`,`link_id` FROM `onethink_category` WHERE ( `status` = 1 ) ORDER BY sort  [ RunTime:0.001373s ]
SQL: SHOW COLUMNS FROM `onethink_document` [ RunTime:0.013004s ]
SQL: SELECT `id`,`uid`,`name`,`title`,`category_id`,`description`,`root`,`pid`,`model_id`,`type`,`position`,`link_id`,`cover_id`,`display`,`deadline`,`attach`,`view`,`comment`,`extend`,`level`,`create_time`,`update_time`,`status` FROM `onethink_document` WHERE ( `status` = 1 ) AND ( `pid` = 0 ) AND ( `category_id` = 2 ) AND ( `create_time` < 1403688425 ) AND ( deadline = 0 OR deadline > 1403688425 ) ORDER BY `level` DESC,`id` DESC LIMIT 0,10   [ RunTime:0.001909s ]
INFO: Run Behavior\ParseTemplate [ RunTime:0.170748s ]
INFO: [ view_parse ] --END-- [ RunTime:0.172886s ]
INFO: [ view_filter ] --START--
INFO: Run Behavior\WriteHtmlCache [ RunTime:0.002266s ]
INFO: [ view_filter ] --END-- [ RunTime:0.002636s ]
INFO: [ app_end ] --START--
INFO: Run Behavior\ShowPageTrace [ RunTime:0.003057s ]
INFO: [ app_end ] --END-- [ RunTime:0.003439s ]

[ 2014-06-25T17:27:11+08:00 ] 127.0.0.1 /wwwroot/index.php?s=/Home/Exercise/exc.html
INFO: [ view_parse ] --START--
INFO: [ template_filter ] --START--
INFO: Run Behavior\ContentReplace [ RunTime:0.001879s ]
INFO: [ template_filter ] --END-- [ RunTime:0.002318s ]
SQL: SHOW COLUMNS FROM `onethink_channel` [ RunTime:0.012217s ]
SQL: SELECT `id`,`pid`,`title`,`url`,`sort`,`create_time`,`update_time`,`status`,`target` FROM `onethink_channel` WHERE ( status=1 ) ORDER BY sort  [ RunTime:0.001589s ]
SQL: SHOW COLUMNS FROM `onethink_category` [ RunTime:0.013021s ]
SQL: SELECT `id`,`name`,`title`,`pid`,`sort`,`list_row`,`meta_title`,`keywords`,`description`,`template_index`,`template_lists`,`template_detail`,`template_edit`,`model`,`type`,`link_id`,`allow_publish`,`display`,`reply`,`check`,`reply_model`,`extend`,`create_time`,`update_time`,`status`,`icon` FROM `onethink_category` WHERE ( `id` = 1 ) LIMIT 1   [ RunTime:0.001841s ]
SQL: SELECT `id`,`name`,`pid`,`title`,`link_id` FROM `onethink_category` WHERE ( `status` = 1 ) ORDER BY sort  [ RunTime:0.001451s ]
SQL: SHOW COLUMNS FROM `onethink_document` [ RunTime:0.014447s ]
SQL: SELECT `id`,`uid`,`name`,`title`,`category_id`,`description`,`root`,`pid`,`model_id`,`type`,`position`,`link_id`,`cover_id`,`display`,`deadline`,`attach`,`view`,`comment`,`extend`,`level`,`create_time`,`update_time`,`status` FROM `onethink_document` WHERE ( `status` = 1 ) AND ( `pid` = 0 ) AND ( `category_id` = 2 ) AND ( `create_time` < 1403688431 ) AND ( deadline = 0 OR deadline > 1403688431 ) ORDER BY `level` DESC,`id` DESC LIMIT 0,10   [ RunTime:0.001950s ]
INFO: Run Behavior\ParseTemplate [ RunTime:0.176403s ]
INFO: [ view_parse ] --END-- [ RunTime:0.178314s ]
INFO: [ view_filter ] --START--
INFO: Run Behavior\WriteHtmlCache [ RunTime:0.002332s ]
INFO: [ view_filter ] --END-- [ RunTime:0.002693s ]
INFO: [ app_end ] --START--
INFO: Run Behavior\ShowPageTrace [ RunTime:0.003114s ]
INFO: [ app_end ] --END-- [ RunTime:0.003499s ]

[ 2014-06-25T17:28:55+08:00 ] 127.0.0.1 /wwwroot/index.php?s=/Home/Exercise/exc.html
INFO: [ view_parse ] --START--
INFO: [ template_filter ] --START--
INFO: Run Behavior\ContentReplace [ RunTime:0.001791s ]
INFO: [ template_filter ] --END-- [ RunTime:0.002287s ]
SQL: SHOW COLUMNS FROM `onethink_channel` [ RunTime:0.012638s ]
SQL: SELECT `id`,`pid`,`title`,`url`,`sort`,`create_time`,`update_time`,`status`,`target` FROM `onethink_channel` WHERE ( status=1 ) ORDER BY sort  [ RunTime:0.001494s ]
SQL: SHOW COLUMNS FROM `onethink_category` [ RunTime:0.013888s ]
SQL: SELECT `id`,`name`,`title`,`pid`,`sort`,`list_row`,`meta_title`,`keywords`,`description`,`template_index`,`template_lists`,`template_detail`,`template_edit`,`model`,`type`,`link_id`,`allow_publish`,`display`,`reply`,`check`,`reply_model`,`extend`,`create_time`,`update_time`,`status`,`icon` FROM `onethink_category` WHERE ( `id` = 1 ) LIMIT 1   [ RunTime:0.001961s ]
SQL: SELECT `id`,`name`,`pid`,`title`,`link_id` FROM `onethink_category` WHERE ( `status` = 1 ) ORDER BY sort  [ RunTime:0.001610s ]
SQL: SHOW COLUMNS FROM `onethink_document` [ RunTime:0.013001s ]
SQL: SELECT `id`,`uid`,`name`,`title`,`category_id`,`description`,`root`,`pid`,`model_id`,`type`,`position`,`link_id`,`cover_id`,`display`,`deadline`,`attach`,`view`,`comment`,`extend`,`level`,`create_time`,`update_time`,`status` FROM `onethink_document` WHERE ( `status` = 1 ) AND ( `pid` = 0 ) AND ( `category_id` = 2 ) AND ( `create_time` < 1403688535 ) AND ( deadline = 0 OR deadline > 1403688535 ) ORDER BY `level` DESC,`id` DESC LIMIT 0,10   [ RunTime:0.001874s ]
INFO: Run Behavior\ParseTemplate [ RunTime:0.193384s ]
INFO: [ view_parse ] --END-- [ RunTime:0.195435s ]
INFO: [ view_filter ] --START--
INFO: Run Behavior\WriteHtmlCache [ RunTime:0.002379s ]
INFO: [ view_filter ] --END-- [ RunTime:0.002759s ]
INFO: [ app_end ] --START--
INFO: Run Behavior\ShowPageTrace [ RunTime:0.003077s ]
INFO: [ app_end ] --END-- [ RunTime:0.003489s ]

[ 2014-06-25T17:29:10+08:00 ] 127.0.0.1 /wwwroot/index.php?s=/Home/Exercise/exc.html
INFO: [ view_parse ] --START--
INFO: [ template_filter ] --START--
INFO: Run Behavior\ContentReplace [ RunTime:0.001786s ]
INFO: [ template_filter ] --END-- [ RunTime:0.002215s ]
SQL: SHOW COLUMNS FROM `onethink_channel` [ RunTime:0.013130s ]
SQL: SELECT `id`,`pid`,`title`,`url`,`sort`,`create_time`,`update_time`,`status`,`target` FROM `onethink_channel` WHERE ( status=1 ) ORDER BY sort  [ RunTime:0.001457s ]
SQL: SHOW COLUMNS FROM `onethink_category` [ RunTime:0.014056s ]
SQL: SELECT `id`,`name`,`title`,`pid`,`sort`,`list_row`,`meta_title`,`keywords`,`description`,`template_index`,`template_lists`,`template_detail`,`template_edit`,`model`,`type`,`link_id`,`allow_publish`,`display`,`reply`,`check`,`reply_model`,`extend`,`create_time`,`update_time`,`status`,`icon` FROM `onethink_category` WHERE ( `id` = 1 ) LIMIT 1   [ RunTime:0.001923s ]
SQL: SELECT `id`,`name`,`pid`,`title`,`link_id` FROM `onethink_category` WHERE ( `status` = 1 ) ORDER BY sort  [ RunTime:0.001387s ]
SQL: SHOW COLUMNS FROM `onethink_document` [ RunTime:0.013785s ]
SQL: SELECT `id`,`uid`,`name`,`title`,`category_id`,`description`,`root`,`pid`,`model_id`,`type`,`position`,`link_id`,`cover_id`,`display`,`deadline`,`attach`,`view`,`comment`,`extend`,`level`,`create_time`,`update_time`,`status` FROM `onethink_document` WHERE ( `status` = 1 ) AND ( `pid` = 0 ) AND ( `category_id` = 2 ) AND ( `create_time` < 1403688549 ) AND ( deadline = 0 OR deadline > 1403688549 ) ORDER BY `level` DESC,`id` DESC LIMIT 0,10   [ RunTime:0.001857s ]
INFO: Run Behavior\ParseTemplate [ RunTime:0.173495s ]
INFO: [ view_parse ] --END-- [ RunTime:0.175511s ]
INFO: [ view_filter ] --START--
INFO: Run Behavior\WriteHtmlCache [ RunTime:0.002241s ]
INFO: [ view_filter ] --END-- [ RunTime:0.002654s ]
INFO: [ app_end ] --START--
INFO: Run Behavior\ShowPageTrace [ RunTime:0.003047s ]
INFO: [ app_end ] --END-- [ RunTime:0.003436s ]

[ 2014-06-25T17:29:36+08:00 ] 127.0.0.1 /wwwroot/index.php?s=/Home/Exercise/exc.html
INFO: [ view_parse ] --START--
INFO: [ template_filter ] --START--
INFO: Run Behavior\ContentReplace [ RunTime:0.001682s ]
INFO: [ template_filter ] --END-- [ RunTime:0.002125s ]
SQL: SHOW COLUMNS FROM `onethink_channel` [ RunTime:0.012603s ]
SQL: SELECT `id`,`pid`,`title`,`url`,`sort`,`create_time`,`update_time`,`status`,`target` FROM `onethink_channel` WHERE ( status=1 ) ORDER BY sort  [ RunTime:0.001527s ]
SQL: SHOW COLUMNS FROM `onethink_category` [ RunTime:0.013548s ]
SQL: SELECT `id`,`name`,`title`,`pid`,`sort`,`list_row`,`meta_title`,`keywords`,`description`,`template_index`,`template_lists`,`template_detail`,`template_edit`,`model`,`type`,`link_id`,`allow_publish`,`display`,`reply`,`check`,`reply_model`,`extend`,`create_time`,`update_time`,`status`,`icon` FROM `onethink_category` WHERE ( `id` = 1 ) LIMIT 1   [ RunTime:0.001804s ]
SQL: SELECT `id`,`name`,`pid`,`title`,`link_id` FROM `onethink_category` WHERE ( `status` = 1 ) ORDER BY sort  [ RunTime:0.001368s ]
SQL: SHOW COLUMNS FROM `onethink_document` [ RunTime:0.013397s ]
SQL: SELECT `id`,`uid`,`name`,`title`,`category_id`,`description`,`root`,`pid`,`model_id`,`type`,`position`,`link_id`,`cover_id`,`display`,`deadline`,`attach`,`view`,`comment`,`extend`,`level`,`create_time`,`update_time`,`status` FROM `onethink_document` WHERE ( `status` = 1 ) AND ( `pid` = 0 ) AND ( `category_id` = 2 ) AND ( `create_time` < 1403688575 ) AND ( deadline = 0 OR deadline > 1403688575 ) ORDER BY `level` DESC,`id` DESC LIMIT 0,10   [ RunTime:0.001896s ]
INFO: Run Behavior\ParseTemplate [ RunTime:0.168658s ]
INFO: [ view_parse ] --END-- [ RunTime:0.170276s ]
INFO: [ view_filter ] --START--
INFO: Run Behavior\WriteHtmlCache [ RunTime:0.002336s ]
INFO: [ view_filter ] --END-- [ RunTime:0.002709s ]
INFO: [ app_end ] --START--
INFO: Run Behavior\ShowPageTrace [ RunTime:0.003100s ]
INFO: [ app_end ] --END-- [ RunTime:0.003499s ]

[ 2014-06-25T17:29:48+08:00 ] 127.0.0.1 /wwwroot/index.php?s=/Home/Exercise/exc.html
INFO: [ view_parse ] --START--
INFO: [ template_filter ] --START--
INFO: Run Behavior\ContentReplace [ RunTime:0.001727s ]
INFO: [ template_filter ] --END-- [ RunTime:0.002160s ]
SQL: SHOW COLUMNS FROM `onethink_channel` [ RunTime:0.013830s ]
SQL: SELECT `id`,`pid`,`title`,`url`,`sort`,`create_time`,`update_time`,`status`,`target` FROM `onethink_channel` WHERE ( status=1 ) ORDER BY sort  [ RunTime:0.001420s ]
SQL: SHOW COLUMNS FROM `onethink_category` [ RunTime:0.013249s ]
SQL: SELECT `id`,`name`,`title`,`pid`,`sort`,`list_row`,`meta_title`,`keywords`,`description`,`template_index`,`template_lists`,`template_detail`,`template_edit`,`model`,`type`,`link_id`,`allow_publish`,`display`,`reply`,`check`,`reply_model`,`extend`,`create_time`,`update_time`,`status`,`icon` FROM `onethink_category` WHERE ( `id` = 1 ) LIMIT 1   [ RunTime:0.001886s ]
SQL: SELECT `id`,`name`,`pid`,`title`,`link_id` FROM `onethink_category` WHERE ( `status` = 1 ) ORDER BY sort  [ RunTime:0.001448s ]
SQL: SHOW COLUMNS FROM `onethink_document` [ RunTime:0.012969s ]
SQL: SELECT `id`,`uid`,`name`,`title`,`category_id`,`description`,`root`,`pid`,`model_id`,`type`,`position`,`link_id`,`cover_id`,`display`,`deadline`,`attach`,`view`,`comment`,`extend`,`level`,`create_time`,`update_time`,`status` FROM `onethink_document` WHERE ( `status` = 1 ) AND ( `pid` = 0 ) AND ( `category_id` = 2 ) AND ( `create_time` < 1403688587 ) AND ( deadline = 0 OR deadline > 1403688587 ) ORDER BY `level` DESC,`id` DESC LIMIT 0,10   [ RunTime:0.001791s ]
INFO: Run Behavior\ParseTemplate [ RunTime:0.173287s ]
INFO: [ view_parse ] --END-- [ RunTime:0.175095s ]
INFO: [ view_filter ] --START--
INFO: Run Behavior\WriteHtmlCache [ RunTime:0.002314s ]
INFO: [ view_filter ] --END-- [ RunTime:0.002733s ]
INFO: [ app_end ] --START--
INFO: Run Behavior\ShowPageTrace [ RunTime:0.003204s ]
INFO: [ app_end ] --END-- [ RunTime:0.003597s ]

[ 2014-06-25T17:29:59+08:00 ] 127.0.0.1 /wwwroot/index.php?s=/Home/Exercise/exc.html
INFO: [ view_parse ] --START--
INFO: [ template_filter ] --START--
INFO: Run Behavior\ContentReplace [ RunTime:0.001763s ]
INFO: [ template_filter ] --END-- [ RunTime:0.002203s ]
SQL: SHOW COLUMNS FROM `onethink_channel` [ RunTime:0.013100s ]
SQL: SELECT `id`,`pid`,`title`,`url`,`sort`,`create_time`,`update_time`,`status`,`target` FROM `onethink_channel` WHERE ( status=1 ) ORDER BY sort  [ RunTime:0.001567s ]
SQL: SHOW COLUMNS FROM `onethink_category` [ RunTime:0.013624s ]
SQL: SELECT `id`,`name`,`title`,`pid`,`sort`,`list_row`,`meta_title`,`keywords`,`description`,`template_index`,`template_lists`,`template_detail`,`template_edit`,`model`,`type`,`link_id`,`allow_publish`,`display`,`reply`,`check`,`reply_model`,`extend`,`create_time`,`update_time`,`status`,`icon` FROM `onethink_category` WHERE ( `id` = 1 ) LIMIT 1   [ RunTime:0.001790s ]
SQL: SELECT `id`,`name`,`pid`,`title`,`link_id` FROM `onethink_category` WHERE ( `status` = 1 ) ORDER BY sort  [ RunTime:0.001417s ]
SQL: SHOW COLUMNS FROM `onethink_document` [ RunTime:0.014114s ]
SQL: SELECT `id`,`uid`,`name`,`title`,`category_id`,`description`,`root`,`pid`,`model_id`,`type`,`position`,`link_id`,`cover_id`,`display`,`deadline`,`attach`,`view`,`comment`,`extend`,`level`,`create_time`,`update_time`,`status` FROM `onethink_document` WHERE ( `status` = 1 ) AND ( `pid` = 0 ) AND ( `category_id` = 2 ) AND ( `create_time` < 1403688599 ) AND ( deadline = 0 OR deadline > 1403688599 ) ORDER BY `level` DESC,`id` DESC LIMIT 0,10   [ RunTime:0.001939s ]
INFO: Run Behavior\ParseTemplate [ RunTime:0.169620s ]
INFO: [ view_parse ] --END-- [ RunTime:0.171316s ]
INFO: [ view_filter ] --START--
INFO: Run Behavior\WriteHtmlCache [ RunTime:0.002212s ]
INFO: [ view_filter ] --END-- [ RunTime:0.002571s ]
INFO: [ app_end ] --START--
INFO: Run Behavior\ShowPageTrace [ RunTime:0.003113s ]
INFO: [ app_end ] --END-- [ RunTime:0.003489s ]

[ 2014-06-25T17:30:19+08:00 ] 127.0.0.1 /wwwroot/index.php?s=/Home/Exercise/exc.html
INFO: [ view_parse ] --START--
INFO: [ template_filter ] --START--
INFO: Run Behavior\ContentReplace [ RunTime:0.001766s ]
INFO: [ template_filter ] --END-- [ RunTime:0.002244s ]
SQL: SHOW COLUMNS FROM `onethink_channel` [ RunTime:0.012671s ]
SQL: SELECT `id`,`pid`,`title`,`url`,`sort`,`create_time`,`update_time`,`status`,`target` FROM `onethink_channel` WHERE ( status=1 ) ORDER BY sort  [ RunTime:0.001433s ]
SQL: SHOW COLUMNS FROM `onethink_category` [ RunTime:0.013787s ]
SQL: SELECT `id`,`name`,`title`,`pid`,`sort`,`list_row`,`meta_title`,`keywords`,`description`,`template_index`,`template_lists`,`template_detail`,`template_edit`,`model`,`type`,`link_id`,`allow_publish`,`display`,`reply`,`check`,`reply_model`,`extend`,`create_time`,`update_time`,`status`,`icon` FROM `onethink_category` WHERE ( `id` = 1 ) LIMIT 1   [ RunTime:0.002101s ]
SQL: SELECT `id`,`name`,`pid`,`title`,`link_id` FROM `onethink_category` WHERE ( `status` = 1 ) ORDER BY sort  [ RunTime:0.001649s ]
SQL: SHOW COLUMNS FROM `onethink_document` [ RunTime:0.013525s ]
SQL: SELECT `id`,`uid`,`name`,`title`,`category_id`,`description`,`root`,`pid`,`model_id`,`type`,`position`,`link_id`,`cover_id`,`display`,`deadline`,`attach`,`view`,`comment`,`extend`,`level`,`create_time`,`update_time`,`status` FROM `onethink_document` WHERE ( `status` = 1 ) AND ( `pid` = 0 ) AND ( `category_id` = 2 ) AND ( `create_time` < 1403688619 ) AND ( deadline = 0 OR deadline > 1403688619 ) ORDER BY `level` DESC,`id` DESC LIMIT 0,10   [ RunTime:0.002136s ]
INFO: Run Behavior\ParseTemplate [ RunTime:0.167086s ]
INFO: [ view_parse ] --END-- [ RunTime:0.168780s ]
INFO: [ view_filter ] --START--
INFO: Run Behavior\WriteHtmlCache [ RunTime:0.002239s ]
INFO: [ view_filter ] --END-- [ RunTime:0.002692s ]
INFO: [ app_end ] --START--
INFO: Run Behavior\ShowPageTrace [ RunTime:0.002971s ]
INFO: [ app_end ] --END-- [ RunTime:0.003355s ]

[ 2014-06-25T17:38:06+08:00 ] 127.0.0.1 /wwwroot/index.php?s=/Home/Article/detail/id/1.html
SQL: SHOW COLUMNS FROM `onethink_document` [ RunTime:0.017423s ]
SQL: SELECT `id`,`uid`,`name`,`title`,`category_id`,`description`,`root`,`pid`,`model_id`,`type`,`position`,`link_id`,`cover_id`,`display`,`deadline`,`attach`,`view`,`comment`,`extend`,`level`,`create_time`,`update_time`,`status` FROM `onethink_document` WHERE ( `id` = 1 ) LIMIT 1   [ RunTime:0.001680s ]
SQL: SHOW COLUMNS FROM `onethink_document_article` [ RunTime:0.024031s ]
SQL: SELECT `id`,`parse`,`content`,`template`,`bookmark` FROM `onethink_document_article` WHERE ( `id` = 1 ) LIMIT 1   [ RunTime:0.001978s ]
SQL: SHOW COLUMNS FROM `onethink_category` [ RunTime:0.017949s ]
SQL: SELECT `id`,`name`,`title`,`pid`,`sort`,`list_row`,`meta_title`,`keywords`,`description`,`template_index`,`template_lists`,`template_detail`,`template_edit`,`model`,`type`,`link_id`,`allow_publish`,`display`,`reply`,`check`,`reply_model`,`extend`,`create_time`,`update_time`,`status`,`icon` FROM `onethink_category` WHERE ( `id` = 2 ) LIMIT 1   [ RunTime:0.001472s ]
SQL: UPDATE `onethink_document` SET `view`=view+1 WHERE ( `id` = 1 ) [ RunTime:0.001669s ]
INFO: [ view_parse ] --START--
INFO: [ template_filter ] --START--
INFO: Run Behavior\ContentReplace [ RunTime:0.000393s ]
INFO: [ template_filter ] --END-- [ RunTime:0.000783s ]
SQL: SHOW COLUMNS FROM `onethink_channel` [ RunTime:0.016582s ]
SQL: SELECT `id`,`pid`,`title`,`url`,`sort`,`create_time`,`update_time`,`status`,`target` FROM `onethink_channel` WHERE ( status=1 ) ORDER BY sort  [ RunTime:0.001393s ]
SQL: SELECT `id`,`uid`,`name`,`title`,`category_id`,`description`,`root`,`pid`,`model_id`,`type`,`position`,`link_id`,`cover_id`,`display`,`deadline`,`attach`,`view`,`comment`,`extend`,`level`,`create_time`,`update_time`,`status` FROM `onethink_document` WHERE ( `id` < '1' ) AND ( `pid` = 0 ) AND ( `category_id` = 2 ) AND ( `status` = 1 ) ORDER BY id DESC LIMIT 1   [ RunTime:0.001522s ]
SQL: SELECT `id`,`uid`,`name`,`title`,`category_id`,`description`,`root`,`pid`,`model_id`,`type`,`position`,`link_id`,`cover_id`,`display`,`deadline`,`attach`,`view`,`comment`,`extend`,`level`,`create_time`,`update_time`,`status` FROM `onethink_document` WHERE ( `id` > '1' ) AND ( `pid` = 0 ) AND ( `category_id` = 2 ) AND ( `status` = 1 ) ORDER BY id LIMIT 1   [ RunTime:0.001156s ]
SQL: SELECT `pid` FROM `onethink_category` WHERE ( `id` = 2 ) LIMIT 1   [ RunTime:0.001118s ]
SQL: SELECT `id`,`name`,`pid`,`title`,`link_id` FROM `onethink_category` WHERE ( `pid` = 1 ) AND ( `status` = 1 ) ORDER BY sort  [ RunTime:0.001277s ]
INFO: [ view_parse ] --START--
INFO: [ template_filter ] --START--
INFO: Run Behavior\ContentReplace [ RunTime:0.000279s ]
INFO: [ template_filter ] --END-- [ RunTime:-0.062273s ]
INFO: Run Behavior\ParseTemplate [ RunTime:0.017213s ]
INFO: [ view_parse ] --END-- [ RunTime:0.017622s ]
INFO: [ view_filter ] --START--
INFO: Run Behavior\WriteHtmlCache [ RunTime:0.002232s ]
INFO: [ view_filter ] --END-- [ RunTime:0.002590s ]
INFO: [ documentDetailAfter ] --START--
SQL: SHOW COLUMNS FROM `onethink_attachment` [ RunTime:0.025674s ]
SQL: SELECT `id`,`uid`,`title`,`type`,`source`,`record_id`,`download`,`size`,`dir`,`sort`,`create_time`,`update_time`,`status` FROM `onethink_attachment` WHERE ( `record_id` = 1 ) AND ( `status` = 1 )  [ RunTime:0.001057s ]
INFO: Run Attachment [ RunTime:0.041635s ]
SQL: SHOW COLUMNS FROM `onethink_addons` [ RunTime:0.019707s ]
SQL: SELECT `config` FROM `onethink_addons` WHERE ( `name` = 'SocialComment' ) AND ( `status` = 1 ) LIMIT 1   [ RunTime:0.001645s ]
INFO: [ view_parse ] --START--
INFO: [ template_filter ] --START--
INFO: Run Behavior\ContentReplace [ RunTime:0.000275s ]
INFO: [ template_filter ] --END-- [ RunTime:-0.152319s ]
NOTIC: [8] Undefined variable: addons C:\wamp\www\wwwroot\Runtime\Cache\Home\58bd718024fb066be57959b1979e41a4.php  3 .
INFO: Run Behavior\ParseTemplate [ RunTime:0.013740s ]
INFO: [ view_parse ] --END-- [ RunTime:-0.074940s ]
INFO: [ view_filter ] --START--
INFO: Run Behavior\WriteHtmlCache [ RunTime:0.000087s ]
INFO: [ view_filter ] --END-- [ RunTime:-0.086524s ]
INFO: Run SocialComment [ RunTime:0.044869s ]
INFO: [ documentDetailAfter ] --END-- [ RunTime:0.087010s ]
INFO: Run Behavior\ParseTemplate [ RunTime:0.015355s ]
INFO: [ view_parse ] --END-- [ RunTime:-0.074940s ]
INFO: [ view_filter ] --START--
INFO: Run Behavior\WriteHtmlCache [ RunTime:0.000071s ]
INFO: [ view_filter ] --END-- [ RunTime:-0.088095s ]
INFO: [ app_end ] --START--
INFO: Run Behavior\ShowPageTrace [ RunTime:0.003097s ]
INFO: [ app_end ] --END-- [ RunTime:0.003470s ]

[ 2014-06-25T17:46:47+08:00 ] 127.0.0.1 /wwwroot/index.php?s=/Home/Exercise/exc.html
INFO: [ view_parse ] --START--
INFO: [ template_filter ] --START--
INFO: Run Behavior\ContentReplace [ RunTime:0.001768s ]
INFO: [ template_filter ] --END-- [ RunTime:0.002201s ]
SQL: SHOW COLUMNS FROM `onethink_channel` [ RunTime:0.011976s ]
SQL: SELECT `id`,`pid`,`title`,`url`,`sort`,`create_time`,`update_time`,`status`,`target` FROM `onethink_channel` WHERE ( status=1 ) ORDER BY sort  [ RunTime:0.001458s ]
SQL: SHOW COLUMNS FROM `onethink_category` [ RunTime:0.012673s ]
SQL: SELECT `id`,`name`,`title`,`pid`,`sort`,`list_row`,`meta_title`,`keywords`,`description`,`template_index`,`template_lists`,`template_detail`,`template_edit`,`model`,`type`,`link_id`,`allow_publish`,`display`,`reply`,`check`,`reply_model`,`extend`,`create_time`,`update_time`,`status`,`icon` FROM `onethink_category` WHERE ( `id` = 1 ) LIMIT 1   [ RunTime:0.001813s ]
SQL: SELECT `id`,`name`,`pid`,`title`,`link_id` FROM `onethink_category` WHERE ( `status` = 1 ) ORDER BY sort  [ RunTime:0.001366s ]
SQL: SHOW COLUMNS FROM `onethink_document` [ RunTime:0.013001s ]
SQL: SELECT `id`,`uid`,`name`,`title`,`category_id`,`description`,`root`,`pid`,`model_id`,`type`,`position`,`link_id`,`cover_id`,`display`,`deadline`,`attach`,`view`,`comment`,`extend`,`level`,`create_time`,`update_time`,`status` FROM `onethink_document` WHERE ( `status` = 1 ) AND ( `pid` = 0 ) AND ( `category_id` = 2 ) AND ( `create_time` < 1403689606 ) AND ( deadline = 0 OR deadline > 1403689606 ) ORDER BY `level` DESC,`id` DESC LIMIT 0,10   [ RunTime:0.001846s ]
INFO: Run Behavior\ParseTemplate [ RunTime:0.172495s ]
INFO: [ view_parse ] --END-- [ RunTime:0.174519s ]
INFO: [ view_filter ] --START--
INFO: Run Behavior\WriteHtmlCache [ RunTime:0.002424s ]
INFO: [ view_filter ] --END-- [ RunTime:0.002801s ]
INFO: [ app_end ] --START--
INFO: Run Behavior\ShowPageTrace [ RunTime:0.003189s ]
INFO: [ app_end ] --END-- [ RunTime:0.003631s ]

[ 2014-06-25T17:46:54+08:00 ] 127.0.0.1 /wwwroot/index.php?s=/Home/Exercise/exc.html
INFO: [ view_parse ] --START--
INFO: [ template_filter ] --START--
INFO: Run Behavior\ContentReplace [ RunTime:0.001656s ]
INFO: [ template_filter ] --END-- [ RunTime:0.002096s ]
SQL: SHOW COLUMNS FROM `onethink_channel` [ RunTime:0.011713s ]
SQL: SELECT `id`,`pid`,`title`,`url`,`sort`,`create_time`,`update_time`,`status`,`target` FROM `onethink_channel` WHERE ( status=1 ) ORDER BY sort  [ RunTime:0.001562s ]
SQL: SHOW COLUMNS FROM `onethink_category` [ RunTime:0.013003s ]
SQL: SELECT `id`,`name`,`title`,`pid`,`sort`,`list_row`,`meta_title`,`keywords`,`description`,`template_index`,`template_lists`,`template_detail`,`template_edit`,`model`,`type`,`link_id`,`allow_publish`,`display`,`reply`,`check`,`reply_model`,`extend`,`create_time`,`update_time`,`status`,`icon` FROM `onethink_category` WHERE ( `id` = 1 ) LIMIT 1   [ RunTime:0.001806s ]
SQL: SELECT `id`,`name`,`pid`,`title`,`link_id` FROM `onethink_category` WHERE ( `status` = 1 ) ORDER BY sort  [ RunTime:0.001358s ]
SQL: SHOW COLUMNS FROM `onethink_document` [ RunTime:0.012638s ]
SQL: SELECT `id`,`uid`,`name`,`title`,`category_id`,`description`,`root`,`pid`,`model_id`,`type`,`position`,`link_id`,`cover_id`,`display`,`deadline`,`attach`,`view`,`comment`,`extend`,`level`,`create_time`,`update_time`,`status` FROM `onethink_document` WHERE ( `status` = 1 ) AND ( `pid` = 0 ) AND ( `category_id` = 2 ) AND ( `create_time` < 1403689614 ) AND ( deadline = 0 OR deadline > 1403689614 ) ORDER BY `level` DESC,`id` DESC LIMIT 0,10   [ RunTime:0.001820s ]
INFO: Run Behavior\ParseTemplate [ RunTime:0.170806s ]
INFO: [ view_parse ] --END-- [ RunTime:0.172565s ]
INFO: [ view_filter ] --START--
INFO: Run Behavior\WriteHtmlCache [ RunTime:0.002328s ]
INFO: [ view_filter ] --END-- [ RunTime:0.002704s ]
INFO: [ app_end ] --START--
INFO: Run Behavior\ShowPageTrace [ RunTime:0.003056s ]
INFO: [ app_end ] --END-- [ RunTime:0.003439s ]

[ 2014-06-25T18:26:04+08:00 ] 127.0.0.1 /wwwroot/index.php?s=/Home/Exercise/exc.html
INFO: [ view_parse ] --START--
INFO: [ template_filter ] --START--
INFO: Run Behavior\ContentReplace [ RunTime:0.001799s ]
INFO: [ template_filter ] --END-- [ RunTime:0.002265s ]
SQL: SHOW COLUMNS FROM `onethink_channel` [ RunTime:0.020666s ]
SQL: SELECT `id`,`pid`,`title`,`url`,`sort`,`create_time`,`update_time`,`status`,`target` FROM `onethink_channel` WHERE ( status=1 ) ORDER BY sort  [ RunTime:0.001822s ]
SQL: SHOW COLUMNS FROM `onethink_category` [ RunTime:0.021800s ]
SQL: SELECT `id`,`name`,`title`,`pid`,`sort`,`list_row`,`meta_title`,`keywords`,`description`,`template_index`,`template_lists`,`template_detail`,`template_edit`,`model`,`type`,`link_id`,`allow_publish`,`display`,`reply`,`check`,`reply_model`,`extend`,`create_time`,`update_time`,`status`,`icon` FROM `onethink_category` WHERE ( `id` = 1 ) LIMIT 1   [ RunTime:0.002666s ]
SQL: SELECT `id`,`name`,`pid`,`title`,`link_id` FROM `onethink_category` WHERE ( `status` = 1 ) ORDER BY sort  [ RunTime:0.001527s ]
SQL: SHOW COLUMNS FROM `onethink_document` [ RunTime:0.019327s ]
SQL: SELECT `id`,`uid`,`name`,`title`,`category_id`,`description`,`root`,`pid`,`model_id`,`type`,`position`,`link_id`,`cover_id`,`display`,`deadline`,`attach`,`view`,`comment`,`extend`,`level`,`create_time`,`update_time`,`status` FROM `onethink_document` WHERE ( `status` = 1 ) AND ( `pid` = 0 ) AND ( `category_id` = 2 ) AND ( `create_time` < 1403691964 ) AND ( deadline = 0 OR deadline > 1403691964 ) ORDER BY `level` DESC,`id` DESC LIMIT 0,10   [ RunTime:0.001395s ]
INFO: Run Behavior\ParseTemplate [ RunTime:0.208780s ]
INFO: [ view_parse ] --END-- [ RunTime:0.210663s ]
INFO: [ view_filter ] --START--
INFO: Run Behavior\WriteHtmlCache [ RunTime:0.001698s ]
INFO: [ view_filter ] --END-- [ RunTime:0.002077s ]
INFO: [ app_end ] --START--
INFO: Run Behavior\ShowPageTrace [ RunTime:0.002294s ]
INFO: [ app_end ] --END-- [ RunTime:0.002576s ]

[ 2014-06-25T18:27:56+08:00 ] 127.0.0.1 /wwwroot/index.php?s=/Home/Exercise/exc.html
INFO: [ view_parse ] --START--
INFO: [ template_filter ] --START--
INFO: Run Behavior\ContentReplace [ RunTime:0.001605s ]
INFO: [ template_filter ] --END-- [ RunTime:0.002053s ]
SQL: SHOW COLUMNS FROM `onethink_channel` [ RunTime:0.012684s ]
SQL: SELECT `id`,`pid`,`title`,`url`,`sort`,`create_time`,`update_time`,`status`,`target` FROM `onethink_channel` WHERE ( status=1 ) ORDER BY sort  [ RunTime:0.001494s ]
SQL: SHOW COLUMNS FROM `onethink_category` [ RunTime:0.013389s ]
SQL: SELECT `id`,`name`,`title`,`pid`,`sort`,`list_row`,`meta_title`,`keywords`,`description`,`template_index`,`template_lists`,`template_detail`,`template_edit`,`model`,`type`,`link_id`,`allow_publish`,`display`,`reply`,`check`,`reply_model`,`extend`,`create_time`,`update_time`,`status`,`icon` FROM `onethink_category` WHERE ( `id` = 1 ) LIMIT 1   [ RunTime:0.001916s ]
SQL: SELECT `id`,`name`,`pid`,`title`,`link_id` FROM `onethink_category` WHERE ( `status` = 1 ) ORDER BY sort  [ RunTime:0.001469s ]
SQL: SHOW COLUMNS FROM `onethink_document` [ RunTime:0.013412s ]
SQL: SELECT `id`,`uid`,`name`,`title`,`category_id`,`description`,`root`,`pid`,`model_id`,`type`,`position`,`link_id`,`cover_id`,`display`,`deadline`,`attach`,`view`,`comment`,`extend`,`level`,`create_time`,`update_time`,`status` FROM `onethink_document` WHERE ( `status` = 1 ) AND ( `pid` = 0 ) AND ( `category_id` = 2 ) AND ( `create_time` < 1403692075 ) AND ( deadline = 0 OR deadline > 1403692075 ) ORDER BY `level` DESC,`id` DESC LIMIT 0,10   [ RunTime:0.001827s ]
INFO: Run Behavior\ParseTemplate [ RunTime:0.165895s ]
INFO: [ view_parse ] --END-- [ RunTime:0.167718s ]
INFO: [ view_filter ] --START--
INFO: Run Behavior\WriteHtmlCache [ RunTime:0.002426s ]
INFO: [ view_filter ] --END-- [ RunTime:0.002826s ]
INFO: [ app_end ] --START--
INFO: Run Behavior\ShowPageTrace [ RunTime:0.003189s ]
INFO: [ app_end ] --END-- [ RunTime:0.003577s ]

[ 2014-06-25T18:29:53+08:00 ] 127.0.0.1 /wwwroot/index.php?s=/Home/Exercise/exc.html
INFO: [ view_parse ] --START--
INFO: [ template_filter ] --START--
INFO: Run Behavior\ContentReplace [ RunTime:0.001417s ]
INFO: [ template_filter ] --END-- [ RunTime:0.001842s ]
SQL: SHOW COLUMNS FROM `onethink_channel` [ RunTime:0.012379s ]
SQL: SELECT `id`,`pid`,`title`,`url`,`sort`,`create_time`,`update_time`,`status`,`target` FROM `onethink_channel` WHERE ( status=1 ) ORDER BY sort  [ RunTime:0.001469s ]
SQL: SHOW COLUMNS FROM `onethink_category` [ RunTime:0.013131s ]
SQL: SELECT `id`,`name`,`title`,`pid`,`sort`,`list_row`,`meta_title`,`keywords`,`description`,`template_index`,`template_lists`,`template_detail`,`template_edit`,`model`,`type`,`link_id`,`allow_publish`,`display`,`reply`,`check`,`reply_model`,`extend`,`create_time`,`update_time`,`status`,`icon` FROM `onethink_category` WHERE ( `id` = 1 ) LIMIT 1   [ RunTime:0.001795s ]
SQL: SELECT `id`,`name`,`pid`,`title`,`link_id` FROM `onethink_category` WHERE ( `status` = 1 ) ORDER BY sort  [ RunTime:0.001521s ]
SQL: SHOW COLUMNS FROM `onethink_document` [ RunTime:0.012966s ]
SQL: SELECT `id`,`uid`,`name`,`title`,`category_id`,`description`,`root`,`pid`,`model_id`,`type`,`position`,`link_id`,`cover_id`,`display`,`deadline`,`attach`,`view`,`comment`,`extend`,`level`,`create_time`,`update_time`,`status` FROM `onethink_document` WHERE ( `status` = 1 ) AND ( `pid` = 0 ) AND ( `category_id` = 2 ) AND ( `create_time` < 1403692192 ) AND ( deadline = 0 OR deadline > 1403692192 ) ORDER BY `level` DESC,`id` DESC LIMIT 0,10   [ RunTime:0.001896s ]
INFO: Run Behavior\ParseTemplate [ RunTime:0.164060s ]
INFO: [ view_parse ] --END-- [ RunTime:0.165815s ]
INFO: [ view_filter ] --START--
INFO: Run Behavior\WriteHtmlCache [ RunTime:0.002311s ]
INFO: [ view_filter ] --END-- [ RunTime:0.002685s ]
INFO: [ app_end ] --START--
INFO: Run Behavior\ShowPageTrace [ RunTime:0.002949s ]
INFO: [ app_end ] --END-- [ RunTime:0.003323s ]

[ 2014-06-25T21:26:41+08:00 ] 127.0.0.1 /wwwroot/index.php?s=/Home/Exercise/exc.html
INFO: [ view_parse ] --START--
INFO: [ template_filter ] --START--
INFO: Run Behavior\ContentReplace [ RunTime:0.001391s ]
INFO: [ template_filter ] --END-- [ RunTime:0.001857s ]
SQL: SHOW COLUMNS FROM `onethink_channel` [ RunTime:0.017290s ]
SQL: SELECT `id`,`pid`,`title`,`url`,`sort`,`create_time`,`update_time`,`status`,`target` FROM `onethink_channel` WHERE ( status=1 ) ORDER BY sort  [ RunTime:0.001500s ]
INFO: Run Behavior\ParseTemplate [ RunTime:0.108220s ]
INFO: [ view_parse ] --END-- [ RunTime:0.109940s ]
INFO: [ view_filter ] --START--
INFO: Run Behavior\WriteHtmlCache [ RunTime:0.002438s ]
INFO: [ view_filter ] --END-- [ RunTime:0.002802s ]
INFO: [ app_end ] --START--
INFO: Run Behavior\ShowPageTrace [ RunTime:0.002946s ]
INFO: [ app_end ] --END-- [ RunTime:0.003332s ]

[ 2014-06-25T21:27:30+08:00 ] 127.0.0.1 /wwwroot/index.php?s=/Home/Exercise/exc.html
INFO: [ view_parse ] --START--
INFO: [ template_filter ] --START--
INFO: Run Behavior\ContentReplace [ RunTime:0.001121s ]
INFO: [ template_filter ] --END-- [ RunTime:0.001454s ]
SQL: SHOW COLUMNS FROM `onethink_channel` [ RunTime:0.008778s ]
SQL: SELECT `id`,`pid`,`title`,`url`,`sort`,`create_time`,`update_time`,`status`,`target` FROM `onethink_channel` WHERE ( status=1 ) ORDER BY sort  [ RunTime:0.001184s ]
INFO: Run Behavior\ParseTemplate [ RunTime:0.072300s ]
INFO: [ view_parse ] --END-- [ RunTime:0.073578s ]
INFO: [ view_filter ] --START--
INFO: Run Behavior\WriteHtmlCache [ RunTime:0.001767s ]
INFO: [ view_filter ] --END-- [ RunTime:0.002050s ]
INFO: [ app_end ] --START--
INFO: Run Behavior\ShowPageTrace [ RunTime:0.002177s ]
INFO: [ app_end ] --END-- [ RunTime:0.002461s ]

[ 2014-06-25T22:03:42+08:00 ] 127.0.0.1 /wwwroot/index.php?s=/Home/Exercise/exc.html
INFO: [ view_parse ] --START--
INFO: [ template_filter ] --START--
INFO: Run Behavior\ContentReplace [ RunTime:0.001317s ]
INFO: [ template_filter ] --END-- [ RunTime:0.001739s ]
SQL: SHOW COLUMNS FROM `onethink_channel` [ RunTime:0.016625s ]
SQL: SELECT `id`,`pid`,`title`,`url`,`sort`,`create_time`,`update_time`,`status`,`target` FROM `onethink_channel` WHERE ( status=1 ) ORDER BY sort  [ RunTime:0.001471s ]
INFO: Run Behavior\ParseTemplate [ RunTime:0.106008s ]
INFO: [ view_parse ] --END-- [ RunTime:0.107754s ]
INFO: [ view_filter ] --START--
INFO: Run Behavior\WriteHtmlCache [ RunTime:0.002269s ]
INFO: [ view_filter ] --END-- [ RunTime:0.002631s ]
INFO: [ app_end ] --START--
INFO: Run Behavior\ShowPageTrace [ RunTime:0.003187s ]
INFO: [ app_end ] --END-- [ RunTime:0.003565s ]

[ 2014-06-25T22:06:24+08:00 ] 127.0.0.1 /wwwroot/index.php?s=/Home/Exercise/exc.html
INFO: [ view_parse ] --START--
INFO: [ template_filter ] --START--
INFO: Run Behavior\ContentReplace [ RunTime:0.001381s ]
INFO: [ template_filter ] --END-- [ RunTime:0.001804s ]
SQL: SHOW COLUMNS FROM `onethink_channel` [ RunTime:0.012569s ]
SQL: SELECT `id`,`pid`,`title`,`url`,`sort`,`create_time`,`update_time`,`status`,`target` FROM `onethink_channel` WHERE ( status=1 ) ORDER BY sort  [ RunTime:0.001482s ]
INFO: Run Behavior\ParseTemplate [ RunTime:0.106266s ]
INFO: [ view_parse ] --END-- [ RunTime:0.108023s ]
INFO: [ view_filter ] --START--
INFO: Run Behavior\WriteHtmlCache [ RunTime:0.002546s ]
INFO: [ view_filter ] --END-- [ RunTime:0.002983s ]
INFO: [ app_end ] --START--
INFO: Run Behavior\ShowPageTrace [ RunTime:0.003039s ]
INFO: [ app_end ] --END-- [ RunTime:0.003415s ]

[ 2014-06-25T22:20:46+08:00 ] 127.0.0.1 /wwwroot/index.php?s=/Home/Exercise/exc.html
INFO: [ view_parse ] --START--
INFO: [ template_filter ] --START--
INFO: Run Behavior\ContentReplace [ RunTime:0.001382s ]
INFO: [ template_filter ] --END-- [ RunTime:0.001819s ]
SQL: SHOW COLUMNS FROM `onethink_channel` [ RunTime:0.016512s ]
SQL: SELECT `id`,`pid`,`title`,`url`,`sort`,`create_time`,`update_time`,`status`,`target` FROM `onethink_channel` WHERE ( status=1 ) ORDER BY sort  [ RunTime:0.001628s ]
INFO: Run Behavior\ParseTemplate [ RunTime:0.109522s ]
INFO: [ view_parse ] --END-- [ RunTime:0.111319s ]
INFO: [ view_filter ] --START--
INFO: Run Behavior\WriteHtmlCache [ RunTime:0.002463s ]
INFO: [ view_filter ] --END-- [ RunTime:0.002823s ]
INFO: [ app_end ] --START--
INFO: Run Behavior\ShowPageTrace [ RunTime:0.003083s ]
INFO: [ app_end ] --END-- [ RunTime:0.003480s ]

[ 2014-06-25T23:21:09+08:00 ] 127.0.0.1 /wwwroot/index.php?s=/Home/Exercise/exc.html
INFO: [ view_parse ] --START--
INFO: [ template_filter ] --START--
INFO: Run Behavior\ContentReplace [ RunTime:0.001334s ]
INFO: [ template_filter ] --END-- [ RunTime:0.001777s ]
SQL: SHOW COLUMNS FROM `onethink_channel` [ RunTime:0.018299s ]
SQL: SELECT `id`,`pid`,`title`,`url`,`sort`,`create_time`,`update_time`,`status`,`target` FROM `onethink_channel` WHERE ( status=1 ) ORDER BY sort  [ RunTime:0.001486s ]
INFO: Run Behavior\ParseTemplate [ RunTime:0.110979s ]
INFO: [ view_parse ] --END-- [ RunTime:0.112977s ]
INFO: [ view_filter ] --START--
INFO: Run Behavior\WriteHtmlCache [ RunTime:0.002590s ]
INFO: [ view_filter ] --END-- [ RunTime:0.002998s ]
INFO: [ app_end ] --START--
INFO: Run Behavior\ShowPageTrace [ RunTime:0.003051s ]
INFO: [ app_end ] --END-- [ RunTime:0.003435s ]

[ 2014-06-25T23:21:12+08:00 ] 127.0.0.1 /wwwroot/index.php?s=/Home/Exercise/exc.html
INFO: [ view_parse ] --START--
INFO: [ template_filter ] --START--
INFO: Run Behavior\ContentReplace [ RunTime:0.001400s ]
INFO: [ template_filter ] --END-- [ RunTime:0.001843s ]
SQL: SHOW COLUMNS FROM `onethink_channel` [ RunTime:0.012713s ]
SQL: SELECT `id`,`pid`,`title`,`url`,`sort`,`create_time`,`update_time`,`status`,`target` FROM `onethink_channel` WHERE ( status=1 ) ORDER BY sort  [ RunTime:0.001516s ]
INFO: Run Behavior\ParseTemplate [ RunTime:0.106101s ]
INFO: [ view_parse ] --END-- [ RunTime:0.107853s ]
INFO: [ view_filter ] --START--
INFO: Run Behavior\WriteHtmlCache [ RunTime:0.002538s ]
INFO: [ view_filter ] --END-- [ RunTime:0.002919s ]
INFO: [ app_end ] --START--
INFO: Run Behavior\ShowPageTrace [ RunTime:0.003420s ]
INFO: [ app_end ] --END-- [ RunTime:0.003881s ]

[ 2014-06-25T23:22:26+08:00 ] 127.0.0.1 /wwwroot/index.php?s=/Home/Exercise/exc.html
INFO: [ view_parse ] --START--
INFO: [ template_filter ] --START--
INFO: Run Behavior\ContentReplace [ RunTime:0.001284s ]
INFO: [ template_filter ] --END-- [ RunTime:0.001703s ]
SQL: SHOW COLUMNS FROM `onethink_channel` [ RunTime:0.013088s ]
SQL: SELECT `id`,`pid`,`title`,`url`,`sort`,`create_time`,`update_time`,`status`,`target` FROM `onethink_channel` WHERE ( status=1 ) ORDER BY sort  [ RunTime:0.001628s ]
INFO: Run Behavior\ParseTemplate [ RunTime:0.099575s ]
INFO: [ view_parse ] --END-- [ RunTime:0.101408s ]
INFO: [ view_filter ] --START--
INFO: Run Behavior\WriteHtmlCache [ RunTime:0.002394s ]
INFO: [ view_filter ] --END-- [ RunTime:0.002789s ]
INFO: [ app_end ] --START--
INFO: Run Behavior\ShowPageTrace [ RunTime:0.002928s ]
INFO: [ app_end ] --END-- [ RunTime:0.003305s ]

[ 2014-06-25T23:22:49+08:00 ] 127.0.0.1 /wwwroot/index.php?s=/Home/Exercise/exc.html
INFO: [ view_parse ] --START--
INFO: [ template_filter ] --START--
INFO: Run Behavior\ContentReplace [ RunTime:0.001560s ]
INFO: [ template_filter ] --END-- [ RunTime:0.002232s ]
SQL: SHOW COLUMNS FROM `onethink_channel` [ RunTime:0.012346s ]
SQL: SELECT `id`,`pid`,`title`,`url`,`sort`,`create_time`,`update_time`,`status`,`target` FROM `onethink_channel` WHERE ( status=1 ) ORDER BY sort  [ RunTime:0.001578s ]
INFO: Run Behavior\ParseTemplate [ RunTime:0.095892s ]
INFO: [ view_parse ] --END-- [ RunTime:0.097162s ]
INFO: [ view_filter ] --START--
INFO: Run Behavior\WriteHtmlCache [ RunTime:0.002343s ]
INFO: [ view_filter ] --END-- [ RunTime:0.002714s ]
INFO: [ app_end ] --START--
INFO: Run Behavior\ShowPageTrace [ RunTime:0.003737s ]
INFO: [ app_end ] --END-- [ RunTime:0.004148s ]

[ 2014-06-25T23:22:52+08:00 ] 127.0.0.1 /wwwroot/index.php?s=/Home/Exercise/exc.html
INFO: [ view_parse ] --START--
INFO: [ template_filter ] --START--
INFO: Run Behavior\ContentReplace [ RunTime:0.000949s ]
INFO: [ template_filter ] --END-- [ RunTime:0.001261s ]
SQL: SHOW COLUMNS FROM `onethink_channel` [ RunTime:0.009675s ]
SQL: SELECT `id`,`pid`,`title`,`url`,`sort`,`create_time`,`update_time`,`status`,`target` FROM `onethink_channel` WHERE ( status=1 ) ORDER BY sort  [ RunTime:0.001100s ]
INFO: Run Behavior\ParseTemplate [ RunTime:0.089887s ]
INFO: [ view_parse ] --END-- [ RunTime:0.091722s ]
INFO: [ view_filter ] --START--
INFO: Run Behavior\WriteHtmlCache [ RunTime:0.001719s ]
INFO: [ view_filter ] --END-- [ RunTime:0.001984s ]
INFO: [ app_end ] --START--
INFO: Run Behavior\ShowPageTrace [ RunTime:0.002191s ]
INFO: [ app_end ] --END-- [ RunTime:0.002525s ]

[ 2014-06-25T23:25:16+08:00 ] 127.0.0.1 /wwwroot/index.php?s=/Home/Exercise/exc.html
INFO: [ view_parse ] --START--
INFO: [ template_filter ] --START--
INFO: Run Behavior\ContentReplace [ RunTime:0.001828s ]
INFO: [ template_filter ] --END-- [ RunTime:0.003025s ]
SQL: SHOW COLUMNS FROM `onethink_channel` [ RunTime:0.013555s ]
SQL: SELECT `id`,`pid`,`title`,`url`,`sort`,`create_time`,`update_time`,`status`,`target` FROM `onethink_channel` WHERE ( status=1 ) ORDER BY sort  [ RunTime:0.001263s ]
INFO: Run Behavior\ParseTemplate [ RunTime:0.097205s ]
INFO: [ view_parse ] --END-- [ RunTime:0.098765s ]
INFO: [ view_filter ] --START--
INFO: Run Behavior\WriteHtmlCache [ RunTime:0.002280s ]
INFO: [ view_filter ] --END-- [ RunTime:0.002551s ]
INFO: [ app_end ] --START--
INFO: Run Behavior\ShowPageTrace [ RunTime:0.003373s ]
INFO: [ app_end ] --END-- [ RunTime:0.003830s ]

[ 2014-06-25T23:25:31+08:00 ] 127.0.0.1 /wwwroot/index.php?s=/Home/Exercise/exc.html
INFO: [ view_parse ] --START--
INFO: [ template_filter ] --START--
INFO: Run Behavior\ContentReplace [ RunTime:0.001323s ]
INFO: [ template_filter ] --END-- [ RunTime:0.001778s ]
SQL: SHOW COLUMNS FROM `onethink_channel` [ RunTime:0.011582s ]
SQL: SELECT `id`,`pid`,`title`,`url`,`sort`,`create_time`,`update_time`,`status`,`target` FROM `onethink_channel` WHERE ( status=1 ) ORDER BY sort  [ RunTime:0.001488s ]
INFO: Run Behavior\ParseTemplate [ RunTime:0.104404s ]
INFO: [ view_parse ] --END-- [ RunTime:0.106123s ]
INFO: [ view_filter ] --START--
INFO: Run Behavior\WriteHtmlCache [ RunTime:0.002352s ]
INFO: [ view_filter ] --END-- [ RunTime:0.002716s ]
INFO: [ app_end ] --START--
INFO: Run Behavior\ShowPageTrace [ RunTime:0.003036s ]
INFO: [ app_end ] --END-- [ RunTime:0.003422s ]

[ 2014-06-25T23:55:28+08:00 ] 127.0.0.1 /wwwroot/index.php?s=/Home/Exercise/exc.html
INFO: [ view_parse ] --START--
INFO: [ template_filter ] --START--
INFO: Run Behavior\ContentReplace [ RunTime:0.001291s ]
INFO: [ template_filter ] --END-- [ RunTime:0.001717s ]
SQL: SHOW COLUMNS FROM `onethink_channel` [ RunTime:0.017015s ]
SQL: SELECT `id`,`pid`,`title`,`url`,`sort`,`create_time`,`update_time`,`status`,`target` FROM `onethink_channel` WHERE ( status=1 ) ORDER BY sort  [ RunTime:0.001648s ]
INFO: Run Behavior\ParseTemplate [ RunTime:0.112006s ]
INFO: [ view_parse ] --END-- [ RunTime:0.113924s ]
INFO: [ view_filter ] --START--
INFO: Run Behavior\WriteHtmlCache [ RunTime:0.002400s ]
INFO: [ view_filter ] --END-- [ RunTime:0.002848s ]
INFO: [ app_end ] --START--
INFO: Run Behavior\ShowPageTrace [ RunTime:0.003066s ]
INFO: [ app_end ] --END-- [ RunTime:0.003486s ]

